*** Using c compiler gcc instead of cc ...
                         Chronologic VCS (TM)
         Version T-2022.06_Full64 -- Fri Oct 14 20:14:46 2022

                    Copyright (c) 1991 - 2022 Synopsys, Inc.
   This software and the associated documentation are proprietary to Synopsys,
 Inc. This software may only be used in accordance with the terms and conditions
 of a written license agreement with Synopsys, Inc. All other use, reproduction,
   or distribution of this software is strictly prohibited.  Licensed Products
     communicate with Synopsys servers for the purpose of providing software
    updates, detecting software piracy and verifying that customers are using
    Licensed Products in conformity with the applicable License Key for such
  Licensed Products. Synopsys will use information gathered in connection with
    this process to deliver software updates and pursue software pirates and
                                   infringers.

 Inclusivity & Diversity - Visit SolvNetPlus to read the "Synopsys Statement on
            Inclusivity and Diversity" (Refer to article 000036315 at
                        https://solvnetplus.synopsys.com)

Reading Config file 'vcs_noTimingcheck.tcl'
Parsing design file 'top_t_gl.v'
Parsing design file 'ADPLL.v'
Parsing design file '../netlist/BISG_TOP_syn.v'
Parsing design file './tsmc090.v'
Top Level Modules:
       AAtb_top
       ACCSHCINX2
       ACCSHCINX4
       ACCSHCONX2
       ACCSHCONX4
       ACCSIHCONX2
       ACCSIHCONX4
       ACHCINX2
       ACHCINX4
       ACHCONX2
       ACHCONX4
       CMPR42X1
       CMPR42X2
       CMPR42X4
       ADDFX2
       ADDFX4
       ADDFXL
       ADDFHX1
       ADDFHX2
       ADDFHX4
       ADDFHXL
       ADDHX2
       ADDHX4
       ADDHXL
       AFCSHCINX2
       AFCSHCINX4
       AFCSHCONX2
       AFCSHCONX4
       AFCSIHCONX2
       AFCSIHCONX4
       AFHCINX2
       AFHCINX4
       AFHCONX2
       AFHCONX4
       AHCSHCINX2
       AHCSHCINX4
       AHCSHCONX2
       AHCSHCONX4
       AHHCINX2
       AHHCINX4
       AHHCONX2
       AHHCONX4
       AND2X4
       AND2X6
       AND2X8
       AND2XL
       AND3X1
       AND3X4
       AND3X6
       AND3X8
       AND3XL
       AND4X1
       AND4X4
       AND4X6
       AND4X8
       AND4XL
       ANTENNA
       AO21X1
       AO21X4
       AO21XL
       AO22X4
       AO22XL
       AO2B2X1
       AO2B2X2
       AO2B2X4
       AO2B2XL
       AO2B2BX1
       AO2B2BX2
       AO2B2BX4
       AO2B2BXL
       AOI211X4
       AOI211XL
       AOI21X2
       AOI21X3
       AOI21X4
       AOI21X6
       AOI21X8
       AOI21XL
       AOI21BX1
       AOI21BX4
       AOI21BXL
       AOI221X1
       AOI221X2
       AOI221X4
       AOI222X1
       AOI222X2
       AOI222X4
       AOI22X1
       AOI22X2
       AOI22X4
       AOI2B1X2
       AOI2B1X4
       AOI2B1XL
       AOI2BB1X4
       AOI2BB1XL
       AOI2BB2X1
       AOI2BB2X4
       AOI2BB2XL
       AOI31X2
       AOI31X4
       AOI31XL
       AOI32X1
       AOI32X2
       AOI32X4
       AOI33X1
       AOI33X2
       AOI33X4
       AOI33XL
       BUFX10
       BUFX12
       BUFX14
       BUFX16
       BUFX18
       BUFX20
       BUFX3
       BUFX4
       BUFX5
       BUFX6
       BUFX8
       CLKAND2X12
       CLKAND2X2
       CLKAND2X3
       CLKAND2X4
       CLKAND2X6
       CLKAND2X8
       CLKBUFX16
       CLKBUFX1
       CLKBUFX24
       CLKBUFX2
       CLKBUFX3
       CLKBUFX4
       CLKBUFX8
       CLKINVX12
       CLKINVX16
       CLKINVX20
       CLKINVX24
       CLKINVX2
       CLKINVX32
       CLKINVX3
       CLKINVX40
       CLKINVX4
       CLKINVX6
       CLKINVX8
       CLKMX2X12
       CLKMX2X2
       CLKMX2X3
       CLKMX2X4
       CLKMX2X6
       CLKMX2X8
       CLKNAND2X12
       CLKNAND2X2
       CLKNAND2X4
       CLKNAND2X8
       CLKXOR2X12
       CLKXOR2X1
       CLKXOR2X2
       CLKXOR2X4
       CLKXOR2X8
       DFFX1
       DFFX2
       DFFX4
       DFFXL
       DFFHX1
       DFFHX2
       DFFHX4
       DFFHX8
       DFFHQX1
       DFFHQX2
       DFFHQX4
       DFFHQX8
       DFFNHX1
       DFFNHX2
       DFFNHX4
       DFFNHX8
       DFFNSRHX4
       DFFNSRHX8
       DFFQX1
       DFFQX2
       DFFQX4
       DFFQXL
       DFFRX2
       DFFRX4
       DFFRXL
       DFFRHQX1
       DFFRHQX2
       DFFRHQX4
       DFFRHQX8
       DFFRQX1
       DFFRQX4
       DFFRQXL
       DFFSX1
       DFFSX2
       DFFSX4
       DFFSXL
       DFFSHQX1
       DFFSHQX2
       DFFSHQX4
       DFFSHQX8
       DFFSQX1
       DFFSQX2
       DFFSQX4
       DFFSRX1
       DFFSRX2
       DFFSRX4
       DFFSRHQX1
       DFFSRHQX2
       DFFSRHQX4
       DFFSRHQX8
       DFFTRX1
       DFFTRX2
       DFFTRX4
       DFFTRXL
       DFFYQX2
       DLY1X1
       DLY1X4
       DLY2X1
       DLY2X4
       DLY3X1
       DLY3X4
       DLY4X1
       DLY4X4
       EDFFX1
       EDFFX2
       EDFFX4
       EDFFXL
       EDFFHQX1
       EDFFHQX2
       EDFFHQX4
       EDFFHQX8
       EDFFTRX1
       EDFFTRX2
       EDFFTRX4
       EDFFTRXL
       INVX10
       INVX12
       INVX14
       INVX16
       INVX18
       INVX1
       INVX20
       INVX3
       INVX4
       INVX5
       INVX6
       INVX8
       INVXL
       MDFFHQX1
       MDFFHQX2
       MDFFHQX4
       MDFFHQX8
       MX2X1
       MX2X2
       MX2X3
       MX2X4
       MX2X6
       MX2X8
       MX2XL
       MX3X1
       MX3X2
       MX3X4
       MX3XL
       MX4X1
       MX4X2
       MX4X4
       MX4XL
       MXI2X1
       MXI2X2
       MXI2X3
       MXI2X4
       MXI2X6
       MXI2X8
       MXI2XL
       MXI2DX1
       MXI2DX2
       MXI2DX4
       MXI2DXL
       MXI3X1
       MXI3X2
       MXI3X4
       MXI3XL
       MXI4X1
       MXI4X2
       MXI4X4
       MXI4XL
       NAND2X1
       NAND2X3
       NAND2X4
       NAND2X5
       NAND2X6
       NAND2X8
       NAND2XL
       NAND2BX4
       NAND2BX8
       NAND2BXL
       NAND3X1
       NAND3X2
       NAND3X3
       NAND3X4
       NAND3X6
       NAND3X8
       NAND3BX1
       NAND3BX2
       NAND3BX4
       NAND3BXL
       NAND4X4
       NAND4X6
       NAND4X8
       NAND4XL
       NAND4BX1
       NAND4BX4
       NAND4BXL
       NAND4BBX1
       NAND4BBX2
       NAND4BBX4
       NAND4BBXL
       NOR2X3
       NOR2X4
       NOR2X5
       NOR2X6
       NOR2X8
       NOR2XL
       NOR2BX2
       NOR2BX4
       NOR2BX8
       NOR2BXL
       NOR3X2
       NOR3X4
       NOR3X6
       NOR3X8
       NOR3XL
       NOR3BX2
       NOR3BX4
       NOR3BXL
       NOR4X4
       NOR4X6
       NOR4X8
       NOR4BX4
       NOR4BXL
       NOR4BBX1
       NOR4BBX4
       NOR4BBXL
       OA21X2
       OA21X4
       OA21XL
       OA22X1
       OA22X2
       OA22X4
       OA22XL
       OAI211X1
       OAI211X2
       OAI211X4
       OAI21X2
       OAI21X3
       OAI21X4
       OAI21X6
       OAI21X8
       OAI21XL
       OAI21BX1
       OAI21BX2
       OAI21BX4
       OAI21BXL
       OAI221X1
       OAI221X4
       OAI221XL
       OAI222X2
       OAI222X4
       OAI222XL
       OAI22X2
       OAI22X4
       OAI22XL
       OAI2B11X1
       OAI2B11X2
       OAI2B11X4
       OAI2B11XL
       OAI2B1X2
       OAI2B1X4
       OAI2B1XL
       OAI2B2X2
       OAI2B2X4
       OAI2B2XL
       OAI2BB1X2
       OAI2BB1X4
       OAI2BB1XL
       OAI2BB2X4
       OAI2BB2XL
       OAI31X2
       OAI31X4
       OAI31XL
       OAI32X1
       OAI32X2
       OAI32X4
       OAI33X1
       OAI33X4
       OAI33XL
       OR2X4
       OR2X6
       OR2X8
       OR2XL
       OR3X4
       OR3X6
       OR3X8
       OR3XL
       OR4X1
       OR4X2
       OR4X4
       OR4X6
       OR4X8
       BMXX2
       BMXX4
       BMXIX2
       BMXIX4
       BENCX1
       BENCX2
       BENCX4
       RF2R1WX1
       RF1R1WX1
       SDFFX1
       SDFFX2
       SDFFX4
       SDFFXL
       SDFFHX1
       SDFFHX2
       SDFFHX4
       SDFFHX8
       SDFFHQX1
       SDFFHQX2
       SDFFHQX4
       SDFFHQX8
       SDFFNHX1
       SDFFNHX2
       SDFFNHX4
       SDFFNHX8
       SDFFNSRHX1
       SDFFNSRHX2
       SDFFNSRHX4
       SDFFNSRHX8
       SDFFQX1
       SDFFQX2
       SDFFQX4
       SDFFQXL
       SDFFRX1
       SDFFRX2
       SDFFRX4
       SDFFRHQX1
       SDFFRHQX2
       SDFFRHQX4
       SDFFRHQX8
       SDFFRQX1
       SDFFRQX4
       SDFFSX1
       SDFFSX2
       SDFFSX4
       SDFFSXL
       SDFFSHQX1
       SDFFSHQX2
       SDFFSHQX4
       SDFFSHQX8
       SDFFSQX1
       SDFFSQX2
       SDFFSQX4
       SDFFSQXL
       SDFFSRX1
       SDFFSRX2
       SDFFSRX4
       SDFFSRXL
       SDFFSRHQX1
       SDFFSRHQX2
       SDFFSRHQX4
       SDFFSRHQX8
       SDFFTRX1
       SDFFTRX2
       SDFFTRX4
       SDFFTRXL
       SDFFYQX2
       SEDFFX1
       SEDFFX2
       SEDFFX4
       SEDFFXL
       SEDFFHQX1
       SEDFFHQX2
       SEDFFHQX4
       SEDFFHQX8
       SEDFFTRX1
       SEDFFTRX2
       SEDFFTRX4
       SEDFFTRXL
       SMDFFHQX1
       SMDFFHQX2
       SMDFFHQX4
       SMDFFHQX8
       TBUFX12
       TBUFX16
       TBUFX1
       TBUFX20
       TBUFX2
       TBUFX3
       TBUFX4
       TBUFX6
       TBUFX8
       TBUFXL
       TIEHI
       TIELO
       TLATX2
       TLATX4
       TLATXL
       TLATNX1
       TLATNX2
       TLATNX4
       TLATNXL
       TLATNCAX12
       TLATNCAX16
       TLATNCAX20
       TLATNCAX2
       TLATNCAX3
       TLATNCAX4
       TLATNCAX6
       TLATNCAX8
       TLATNSRX1
       TLATNSRX2
       TLATNSRX4
       TLATNSRXL
       TLATNTSCAX12
       TLATNTSCAX16
       TLATNTSCAX20
       TLATNTSCAX2
       TLATNTSCAX3
       TLATNTSCAX4
       TLATNTSCAX6
       TLATNTSCAX8
       TLATSRX1
       TLATSRX2
       TLATSRX4
       TLATSRXL
       XNOR2X2
       XNOR2X4
       XNOR2XL
       XNOR3X1
       XNOR3X2
       XNOR3X4
       XNOR3XL
       XOR2X2
       XOR2X3
       XOR2X4
       XOR2X8
       XOR2XL
       XOR3X1
       XOR3X2
       XOR3X4
TimeScale is 10 ps / 10 fs

Warning-[DPIMI] Duplicate port in module instantiation
top_t_gl.v, 86
"BISG_TOP cut( .clk (clk),  .rst_n (rst_n),  .k (k),  .start (start),  .nl (nl),  .nloss (nloss),  .speaker (speaker),  .digi_out (digi_out),  .test_se (test_se),  .ScanNum (ScanNum),  .ADPLL_LOCK (ADPLL_LOCK),  .t_p_dec (t_p_dec),  .range (range),  .pass (pass),  .sig (sig),  .speed (speed),  .TCK (TCK),  .scan_done (scan_done),  .over (over),  .sub_rst (sub_rst),  .digi_out (digi_out),  .test_se (test_se),  .base_clk (base_clk));"
  Port 'digi_out' is connected more than once for instance 'cut' of 
  'BISG_TOP'.
  Extra connection will be ignored.


Warning-[DPIMI] Duplicate port in module instantiation
top_t_gl.v, 86
"BISG_TOP cut( .clk (clk),  .rst_n (rst_n),  .k (k),  .start (start),  .nl (nl),  .nloss (nloss),  .speaker (speaker),  .test_se (test_se),  .ScanNum (ScanNum),  .ADPLL_LOCK (ADPLL_LOCK),  .t_p_dec (t_p_dec),  .range (range),  .pass (pass),  .sig (sig),  .speed (speed),  .TCK (TCK),  .scan_done (scan_done),  .over (over),  .sub_rst (sub_rst),  .digi_out (digi_out),  .test_se (test_se),  .base_clk (base_clk));"
  Port 'test_se' is connected more than once for instance 'cut' of 'BISG_TOP'.
  Extra connection will be ignored.


   ***   $sdf_annotate() version 1.2R
   ***    SDF file: "../netlist/BISG_TOP_syn.sdf"
   ***    Annotation scope: AAtb_top.cut
   ***    No MTM selection argument specified
   ***    No SCALE FACTORS argument specified
   ***    No SCALE TYPE argument specified
   ***    MTM selection defaulted to "TOOL_CONTROL":
               (+typdelays compiled, TYPICAL delays selected)
   ***    SCALE FACTORS defaulted to "1.0:1.0:1.0":
   ***    SCALE TYPE defaulted to: "FROM_MTM"
   ***    Turnoff delay: "FROM_FILE"
   ***    Approximation (mipd) policy: "MAXIMUM"

   ***    SDF annotation begin: Fri Oct 14 20:15:28 2022


SDF Info: +pulse_r/100, +pulse_e/100 in effect

Warning-[SDFCOM_NNTC] Need timing check option +neg_tchk
../netlist/BISG_TOP_syn.sdf, 6801
module: DFFSRXL, "instance: AAtb_top.cut.comp_0.hibin_reg_0_"
  SDF Error: Negative HOLD value replaced by 0.          
  Add +neg_tchk to consider Negative delay value.


Warning-[SDFCOM_NNTC] Need timing check option +neg_tchk
../netlist/BISG_TOP_syn.sdf, 6802
module: DFFSRXL, "instance: AAtb_top.cut.comp_0.hibin_reg_0_"
  SDF Error: Negative SETUP value replaced by 0.          
  Add +neg_tchk to consider Negative delay value.


Warning-[SDFCOM_NNTC] Need timing check option +neg_tchk
../netlist/BISG_TOP_syn.sdf, 6805
module: DFFSRXL, "instance: AAtb_top.cut.comp_0.hibin_reg_0_"
  SDF Error: Negative HOLD value replaced by 0.          
  Add +neg_tchk to consider Negative delay value.


Warning-[SDFCOM_NNTC] Need timing check option +neg_tchk
../netlist/BISG_TOP_syn.sdf, 6829
module: DFFSRXL, "instance: AAtb_top.cut.comp_0.lobin_reg_5_"
  SDF Error: Negative HOLD value replaced by 0.          
  Add +neg_tchk to consider Negative delay value.


Warning-[SDFCOM_NNTC] Need timing check option +neg_tchk
../netlist/BISG_TOP_syn.sdf, 6830
module: DFFSRXL, "instance: AAtb_top.cut.comp_0.lobin_reg_5_"
  SDF Error: Negative SETUP value replaced by 0.          
  Add +neg_tchk to consider Negative delay value.


Warning-[SDFCOM_NNTC] Need timing check option +neg_tchk
../netlist/BISG_TOP_syn.sdf, 6833
module: DFFSRXL, "instance: AAtb_top.cut.comp_0.lobin_reg_5_"
  SDF Error: Negative HOLD value replaced by 0.          
  Add +neg_tchk to consider Negative delay value.


Warning-[SDFCOM_NNTC] Need timing check option +neg_tchk
../netlist/BISG_TOP_syn.sdf, 6857
module: DFFSRXL, "instance: AAtb_top.cut.comp_0.lobin_reg_4_"
  SDF Error: Negative HOLD value replaced by 0.          
  Add +neg_tchk to consider Negative delay value.


Warning-[SDFCOM_NNTC] Need timing check option +neg_tchk
../netlist/BISG_TOP_syn.sdf, 6858
module: DFFSRXL, "instance: AAtb_top.cut.comp_0.lobin_reg_4_"
  SDF Error: Negative SETUP value replaced by 0.          
  Add +neg_tchk to consider Negative delay value.


Warning-[SDFCOM_NNTC] Need timing check option +neg_tchk
../netlist/BISG_TOP_syn.sdf, 6861
module: DFFSRXL, "instance: AAtb_top.cut.comp_0.lobin_reg_4_"
  SDF Error: Negative HOLD value replaced by 0.          
  Add +neg_tchk to consider Negative delay value.


Warning-[SDFCOM_NNTC] Need timing check option +neg_tchk
../netlist/BISG_TOP_syn.sdf, 6885
module: DFFSRXL, "instance: AAtb_top.cut.comp_0.lobin_reg_6_"
  SDF Error: Negative HOLD value replaced by 0.          
  Add +neg_tchk to consider Negative delay value.

All future errors not reported; use +sdfverbose to report them.

          Total errors: 681
          Total warnings: 0
   ***    SDF annotation completed: Fri Oct 14 20:15:28 2022


Starting vcs inline pass...
643 modules and 12 UDPs read.
recompiling module AAtb_top
	However, due to incremental compilation, only 1 module needs to be compiled. 
rm -f _cuarc*.so _csrc*.so pre_vcsobj_*.so share_vcsobj_*.so
ld -shared  -Bsymbolic   -o .//../simv.daidir//_cuarc0.so objs/a/amcQw_d.o 
rm -f _cuarc0.so
if [ -x ../simv ]; then chmod a-x ../simv; fi
g++  -o ../simv      -rdynamic  -Wl,-rpath='$ORIGIN'/simv.daidir -Wl,-rpath=./simv.daidir -Wl,-rpath=/usr/cad/synopsys/vcs/2022.06/linux64/lib -L/usr/cad/synopsys/vcs/2022.06/linux64/lib  -Wl,-rpath-link=./     _20842_archive_1.so _prev_archive_1.so _cuarc0.so objs/udps/D2wHf.o objs/udps/uYEPC.o objs/udps/vCfas.o objs/udps/IEZrF.o objs/udps/U7Vwg.o objs/udps/i2VqJ.o objs/udps/CjLsY.o objs/udps/exIG1.o objs/udps/sk4QJ.o objs/udps/gSqMj.o objs/udps/Cpxa2.o objs/udps/AubIW.o  SIM_l.o       rmapats_mop.o rmapats.o rmar.o rmar_nd.o  rmar_llvm_0_1.o rmar_llvm_0_0.o           -lnuma -lvirsim -lerrorinf -lsnpsmalloc -lvfs    -lvcsnew -lsimprofile -luclinative /usr/cad/synopsys/vcs/2022.06/linux64/lib/vcs_tls.o   -Wl,-whole-archive  -lvcsucli    -Wl,-no-whole-archive        _vcs_pli_stub_.o   /usr/cad/synopsys/vcs/2022.06/linux64/lib/vcs_save_restore_new.o /usr/cad/synopsys/verdi/2022.06/share/PLI/VCS/LINUX64/pli.a -ldl  -lc -lm -lpthread -ldl 
../simv up to date
Chronologic VCS simulator copyright 1991-2022
Contains Synopsys proprietary information.
Compiler version T-2022.06_Full64; Runtime version T-2022.06_Full64;  Oct 14 20:16 2022
Doing SDF annotation ...... Done

"./tsmc090.v", 12207: Timing violation in AAtb_top.cut.comp_0.hibin_reg_6_
    $hold( posedge SN:3900, posedge RN:5100, limit: 14200 );

"./tsmc090.v", 12207: Timing violation in AAtb_top.cut.comp_0.hibin_reg_7_
    $hold( posedge SN:3900, posedge RN:5100, limit: 14200 );

"./tsmc090.v", 12207: Timing violation in AAtb_top.cut.comp_0.hibin_reg_0_
    $hold( posedge SN:3900, posedge RN:5100, limit: 14200 );

"./tsmc090.v", 12207: Timing violation in AAtb_top.cut.comp_0.hibin_reg_8_
    $hold( posedge SN:3900, posedge RN:5100, limit: 14200 );

"./tsmc090.v", 9972: Timing violation in AAtb_top.cut.comp_0.speed_reg_2_
    $hold( posedge SN:3900, posedge RN:5100, limit: 25900 );

"./tsmc090.v", 9972: Timing violation in AAtb_top.cut.comp_0.speed_reg_3_
    $hold( posedge SN:3900, posedge RN:5100, limit: 25900 );

"./tsmc090.v", 9972: Timing violation in AAtb_top.cut.comp_0.speed_reg_4_
    $hold( posedge SN:3900, posedge RN:5100, limit: 25900 );

"./tsmc090.v", 9972: Timing violation in AAtb_top.cut.comp_0.speed_reg_5_
    $hold( posedge SN:3900, posedge RN:5100, limit: 25900 );

"./tsmc090.v", 9972: Timing violation in AAtb_top.cut.comp_0.speed_reg_6_
    $hold( posedge SN:3900, posedge RN:5100, limit: 25900 );

"./tsmc090.v", 9972: Timing violation in AAtb_top.cut.comp_0.speed_reg_7_
    $hold( posedge SN:3900, posedge RN:5100, limit: 25900 );

"./tsmc090.v", 9972: Timing violation in AAtb_top.cut.comp_0.speed_reg_0_
    $hold( posedge SN:3900, posedge RN:5100, limit: 25900 );

"./tsmc090.v", 9972: Timing violation in AAtb_top.cut.comp_0.speed_reg_1_
    $hold( posedge SN:3900, posedge RN:5100, limit: 25900 );

"./tsmc090.v", 12207: Timing violation in AAtb_top.cut.comp_0.hibin_reg_2_
    $hold( posedge SN:3900, posedge RN:5100, limit: 14200 );

"./tsmc090.v", 12207: Timing violation in AAtb_top.cut.comp_0.hibin_reg_3_
    $hold( posedge SN:3900, posedge RN:5100, limit: 14200 );

"./tsmc090.v", 12207: Timing violation in AAtb_top.cut.comp_0.hibin_reg_4_
    $hold( posedge SN:3900, posedge RN:5100, limit: 14200 );

"./tsmc090.v", 12207: Timing violation in AAtb_top.cut.comp_0.hibin_reg_5_
    $hold( posedge SN:3900, posedge RN:5100, limit: 14200 );

"./tsmc090.v", 12207: Timing violation in AAtb_top.cut.comp_0.hibin_reg_1_
    $hold( posedge SN:3900, posedge RN:5100, limit: 14200 );


"./tsmc090.v", 12206: Timing violation in AAtb_top.cut.comp_0.lobin_reg_0_
    $hold( posedge RN:3900, posedge SN:12200, limit: 14700 );

"./tsmc090.v", 12206: Timing violation in AAtb_top.cut.comp_0.lobin_reg_6_
    $hold( posedge RN:3900, posedge SN:12200, limit: 14700 );

"./tsmc090.v", 12206: Timing violation in AAtb_top.cut.comp_0.lobin_reg_7_
    $hold( posedge RN:3900, posedge SN:12200, limit: 14700 );

"./tsmc090.v", 12206: Timing violation in AAtb_top.cut.comp_0.lobin_reg_5_
    $hold( posedge RN:3900, posedge SN:12200, limit: 14700 );

"./tsmc090.v", 12206: Timing violation in AAtb_top.cut.comp_0.lobin_reg_4_
    $hold( posedge RN:3900, posedge SN:12200, limit: 14700 );

"./tsmc090.v", 12206: Timing violation in AAtb_top.cut.comp_0.lobin_reg_3_
    $hold( posedge RN:3900, posedge SN:12200, limit: 14700 );

"./tsmc090.v", 12206: Timing violation in AAtb_top.cut.comp_0.lobin_reg_2_
    $hold( posedge RN:3900, posedge SN:12200, limit: 14700 );

"./tsmc090.v", 12206: Timing violation in AAtb_top.cut.comp_0.lobin_reg_1_
    $hold( posedge RN:3900, posedge SN:12200, limit: 14700 );


"./tsmc090.v", 12206: Timing violation in AAtb_top.cut.comp_0.lobin_reg_9_
    $hold( posedge RN:4000, posedge SN:12500, limit: 14700 );

"./tsmc090.v", 12206: Timing violation in AAtb_top.cut.comp_0.lobin_reg_8_
    $hold( posedge RN:4000, posedge SN:12500, limit: 14700 );

"./tsmc090.v", 12206: Timing violation in AAtb_top.cut.comp_0.bin_reg_reg_8_
    $hold( posedge RN:4000, posedge SN:12500, limit: 14700 );

"./tsmc090.v", 12206: Timing violation in AAtb_top.cut.comp_0.bin_reg_reg_9_
    $hold( posedge RN:4000, posedge SN:12500, limit: 14700 );


"./tsmc090.v", 12206: Timing violation in AAtb_top.cut.comp_0.bin_reg_reg_1_
    $hold( posedge RN:16900, posedge SN:19500, limit: 14700 );

"./tsmc090.v", 12206: Timing violation in AAtb_top.cut.comp_0.bin_reg_reg_2_
    $hold( posedge RN:16900, posedge SN:19500, limit: 14700 );

"./tsmc090.v", 12206: Timing violation in AAtb_top.cut.comp_0.bin_reg_reg_3_
    $hold( posedge RN:16900, posedge SN:19500, limit: 14700 );

"./tsmc090.v", 12206: Timing violation in AAtb_top.cut.comp_0.bin_reg_reg_4_
    $hold( posedge RN:16900, posedge SN:19500, limit: 14700 );

"./tsmc090.v", 12206: Timing violation in AAtb_top.cut.comp_0.bin_reg_reg_5_
    $hold( posedge RN:16900, posedge SN:19500, limit: 14700 );

"./tsmc090.v", 12206: Timing violation in AAtb_top.cut.comp_0.bin_reg_reg_7_
    $hold( posedge RN:16900, posedge SN:19500, limit: 14700 );

"./tsmc090.v", 12206: Timing violation in AAtb_top.cut.comp_0.bin_reg_reg_6_
    $hold( posedge RN:16900, posedge SN:19500, limit: 14700 );

"./tsmc090.v", 12206: Timing violation in AAtb_top.cut.comp_0.bin_reg_reg_0_
    $hold( posedge RN:16900, posedge SN:19500, limit: 14700 );


"./tsmc090.v", 9958: Timing violation in AAtb_top.cut.control_0.fast01.cap_cnt_reg_1_
    $setup( negedge D:151034800, negedge CKN &&& (flag == 1'b1):151035000, limit: 5600 );


"./tsmc090.v", 9958: Timing violation in AAtb_top.cut.control_0.fast01.cap_cnt_reg_1_
    $setup( negedge D:170034800, negedge CKN &&& (flag == 1'b1):170040000, limit: 5600 );


"./tsmc090.v", 9958: Timing violation in AAtb_top.cut.control_0.fast01.cap_cnt_reg_1_
    $setup( negedge D:550034800, negedge CKN &&& (flag == 1'b1):550035000, limit: 5600 );


"./tsmc090.v", 9958: Timing violation in AAtb_top.cut.control_0.fast01.cap_cnt_reg_1_
    $setup( negedge D:569034800, negedge CKN &&& (flag == 1'b1):569040000, limit: 5600 );


"./tsmc090.v", 9958: Timing violation in AAtb_top.cut.control_0.fast01.cap_cnt_reg_1_
    $setup( negedge D:949034800, negedge CKN &&& (flag == 1'b1):949035000, limit: 5600 );


"./tsmc090.v", 9958: Timing violation in AAtb_top.cut.control_0.fast01.cap_cnt_reg_1_
    $setup( negedge D:968034800, negedge CKN &&& (flag == 1'b1):968040000, limit: 5600 );


"./tsmc090.v", 26300: Timing violation in AAtb_top.cut.b12_0.data_out_reg_1_
    $setup( negedge D:1274297100, posedge CK &&& (SandRandSEb == 1'b1):1274313500, limit: 17700 );

"./tsmc090.v", 26300: Timing violation in AAtb_top.cut.b12_0.data_out_reg_0_
    $setup( negedge D:1274297100, posedge CK &&& (SandRandSEb == 1'b1):1274313500, limit: 17700 );


"./tsmc090.v", 9958: Timing violation in AAtb_top.cut.control_0.fast01.cap_cnt_reg_1_
    $setup( negedge D:1393034800, negedge CKN &&& (flag == 1'b1):1393040000, limit: 5600 );


"./tsmc090.v", 9958: Timing violation in AAtb_top.cut.control_0.fast01.cap_cnt_reg_1_
    $setup( negedge D:1545034800, negedge CKN &&& (flag == 1'b1):1545039000, limit: 5600 );


"./tsmc090.v", 9958: Timing violation in AAtb_top.cut.control_0.fast01.cap_cnt_reg_1_
    $setup( negedge D:1697034800, negedge CKN &&& (flag == 1'b1):1697038000, limit: 5600 );


"./tsmc090.v", 26300: Timing violation in AAtb_top.cut.b12_0.data_out_reg_1_
    $setup( negedge D:1730294100, posedge CK &&& (SandRandSEb == 1'b1):1730310500, limit: 17700 );


"./tsmc090.v", 9958: Timing violation in AAtb_top.cut.control_0.fast01.cap_cnt_reg_1_
    $setup( negedge D:1849034800, negedge CKN &&& (flag == 1'b1):1849037000, limit: 5600 );


"./tsmc090.v", 9958: Timing violation in AAtb_top.cut.control_0.fast01.cap_cnt_reg_1_
    $setup( negedge D:2160034800, negedge CKN &&& (flag == 1'b1):2160039000, limit: 5600 );


"./tsmc090.v", 9958: Timing violation in AAtb_top.cut.control_0.fast01.cap_cnt_reg_1_
    $hold( negedge CKN &&& (flag == 1'b1):2217031000, negedge D:2217034800, limit: 4600 );


"./tsmc090.v", 9958: Timing violation in AAtb_top.cut.control_0.fast01.cap_cnt_reg_1_
    $setup( negedge D:2407034800, negedge CKN &&& (flag == 1'b1):2407039000, limit: 5600 );


"./tsmc090.v", 9958: Timing violation in AAtb_top.cut.control_0.fast01.cap_cnt_reg_1_
    $hold( negedge CKN &&& (flag == 1'b1):2464031000, negedge D:2464034800, limit: 4600 );


"./tsmc090.v", 9958: Timing violation in AAtb_top.cut.control_0.fast01.cap_cnt_reg_1_
    $setup( negedge D:2654034800, negedge CKN &&& (flag == 1'b1):2654039000, limit: 5600 );


"./tsmc090.v", 9958: Timing violation in AAtb_top.cut.control_0.fast01.cap_cnt_reg_1_
    $hold( negedge CKN &&& (flag == 1'b1):2711031000, negedge D:2711034800, limit: 4600 );


"./tsmc090.v", 9958: Timing violation in AAtb_top.cut.control_0.fast01.cap_cnt_reg_1_
    $setup( negedge D:2901034800, negedge CKN &&& (flag == 1'b1):2901039000, limit: 5600 );


"./tsmc090.v", 9958: Timing violation in AAtb_top.cut.control_0.fast01.cap_cnt_reg_1_
    $setup( negedge D:2965034800, negedge CKN &&& (flag == 1'b1):2965037500, limit: 5600 );


"./tsmc090.v", 9958: Timing violation in AAtb_top.cut.control_0.fast01.cap_cnt_reg_1_
    $hold( negedge CKN &&& (flag == 1'b1):3212031500, negedge D:3212034800, limit: 4600 );


"./tsmc090.v", 9958: Timing violation in AAtb_top.cut.control_0.fast01.cap_cnt_reg_1_
    $setup( negedge D:3250034800, negedge CKN &&& (flag == 1'b1):3250038500, limit: 5600 );


"./tsmc090.v", 9958: Timing violation in AAtb_top.cut.control_0.fast01.cap_cnt_reg_1_
    $hold( negedge CKN &&& (flag == 1'b1):3497032500, negedge D:3497034800, limit: 4600 );


"./tsmc090.v", 9958: Timing violation in AAtb_top.cut.control_0.fast01.cap_cnt_reg_1_
    $setup( negedge D:3535034800, negedge CKN &&& (flag == 1'b1):3535039500, limit: 5600 );


"./tsmc090.v", 9958: Timing violation in AAtb_top.cut.control_0.fast01.cap_cnt_reg_1_
    $hold( negedge CKN &&& (flag == 1'b1):3782033500, negedge D:3782034800, limit: 4600 );


"./tsmc090.v", 9958: Timing violation in AAtb_top.cut.control_0.fast01.cap_cnt_reg_1_
    $hold( negedge CKN &&& (flag == 1'b1):4112032000, negedge D:4112034800, limit: 4600 );


"./tsmc090.v", 9958: Timing violation in AAtb_top.cut.control_0.fast01.cap_cnt_reg_1_
    $setup( negedge D:4245034800, negedge CKN &&& (flag == 1'b1):4245040000, limit: 5600 );


"./tsmc090.v", 9958: Timing violation in AAtb_top.cut.control_0.fast01.cap_cnt_reg_1_
    $setup( negedge D:4454034800, negedge CKN &&& (flag == 1'b1):4454038000, limit: 5600 );


"./tsmc090.v", 9958: Timing violation in AAtb_top.cut.control_0.fast01.cap_cnt_reg_1_
    $setup( negedge D:4663034800, negedge CKN &&& (flag == 1'b1):4663036000, limit: 5600 );


"./tsmc090.v", 9958: Timing violation in AAtb_top.cut.control_0.fast01.cap_cnt_reg_1_
    $hold( negedge CKN &&& (flag == 1'b1):4872034000, negedge D:4872034800, limit: 4600 );


"./tsmc090.v", 9970: Timing violation in AAtb_top.cut.control_0.fast01.cap_cnt_reg_0_
    $width( posedge CKN &&& (flag == 1'b1):4884019000,  : 4884024200, limit: 7800 );

"./tsmc090.v", 9970: Timing violation in AAtb_top.cut.control_0.fast01.cap_cnt_reg_1_
    $width( posedge CKN &&& (flag == 1'b1):4884019000,  : 4884024200, limit: 7800 );


"./tsmc090.v", 9958: Timing violation in AAtb_top.cut.control_0.fast01.cap_cnt_reg_1_
    $hold( negedge CKN &&& (flag == 1'b1):5069032000, negedge D:5069034800, limit: 4600 );


"./tsmc090.v", 9958: Timing violation in AAtb_top.cut.control_0.fast01.cap_cnt_reg_1_
    $setup( negedge D:5221034800, negedge CKN &&& (flag == 1'b1):5221037000, limit: 5600 );


"./tsmc090.v", 9958: Timing violation in AAtb_top.cut.control_0.fast01.cap_cnt_reg_1_
    $setup( negedge D:5544034800, negedge CKN &&& (flag == 1'b1):5544035000, limit: 5600 );


"./tsmc090.v", 9958: Timing violation in AAtb_top.cut.control_0.fast01.cap_cnt_reg_1_
    $setup( negedge D:5696034800, negedge CKN &&& (flag == 1'b1):5696040000, limit: 5600 );


"./tsmc090.v", 9958: Timing violation in AAtb_top.cut.control_0.fast01.cap_cnt_reg_1_
    $hold( negedge CKN &&& (flag == 1'b1):6945033000, negedge D:6945034800, limit: 4600 );


"./tsmc090.v", 9958: Timing violation in AAtb_top.cut.control_0.fast01.cap_cnt_reg_1_
    $setup( negedge D:7192034800, negedge CKN &&& (flag == 1'b1):7192038000, limit: 5600 );


"./tsmc090.v", 9958: Timing violation in AAtb_top.cut.control_0.fast01.cap_cnt_reg_1_
    $setup( negedge D:7420034800, negedge CKN &&& (flag == 1'b1):7420035000, limit: 5600 );


"./tsmc090.v", 9958: Timing violation in AAtb_top.cut.control_0.fast01.cap_cnt_reg_1_
    $hold( negedge CKN &&& (flag == 1'b1):7648032000, negedge D:7648034800, limit: 4600 );


"./tsmc090.v", 9958: Timing violation in AAtb_top.cut.control_0.fast01.cap_cnt_reg_1_
    $setup( negedge D:7667034800, negedge CKN &&& (flag == 1'b1):7667040000, limit: 5600 );


"./tsmc090.v", 9958: Timing violation in AAtb_top.cut.control_0.fast01.cap_cnt_reg_1_
    $setup( negedge D:7997034800, negedge CKN &&& (flag == 1'b1):7997039000, limit: 5600 );


"./tsmc090.v", 26300: Timing violation in AAtb_top.cut.b12_0.data_out_reg_1_
    $setup( negedge D:8106292600, posedge CK &&& (SandRandSEb == 1'b1):8106310000, limit: 17700 );

"./tsmc090.v", 26300: Timing violation in AAtb_top.cut.b12_0.data_out_reg_0_
    $setup( negedge D:8106292600, posedge CK &&& (SandRandSEb == 1'b1):8106310000, limit: 17700 );


"./tsmc090.v", 9958: Timing violation in AAtb_top.cut.control_0.fast01.cap_cnt_reg_1_
    $setup( negedge D:8149034800, negedge CKN &&& (flag == 1'b1):8149037000, limit: 5600 );


"./tsmc090.v", 9958: Timing violation in AAtb_top.cut.control_0.fast01.cap_cnt_reg_1_
    $setup( negedge D:8301034800, negedge CKN &&& (flag == 1'b1):8301035000, limit: 5600 );


"./tsmc090.v", 9958: Timing violation in AAtb_top.cut.control_0.fast01.cap_cnt_reg_1_
    $hold( negedge CKN &&& (flag == 1'b1):8453033000, negedge D:8453034800, limit: 4600 );


"./tsmc090.v", 26300: Timing violation in AAtb_top.cut.b12_0.data_out_reg_1_
    $setup( negedge D:8562286600, posedge CK &&& (SandRandSEb == 1'b1):8562304000, limit: 17700 );


"./tsmc090.v", 9958: Timing violation in AAtb_top.cut.control_0.fast01.cap_cnt_reg_1_
    $hold( negedge CKN &&& (flag == 1'b1):8605031000, negedge D:8605034800, limit: 4600 );


"./tsmc090.v", 9958: Timing violation in AAtb_top.cut.control_0.fast01.cap_cnt_reg_1_
    $hold( negedge CKN &&& (flag == 1'b1):8840032000, negedge D:8840034800, limit: 4600 );


"./tsmc090.v", 9958: Timing violation in AAtb_top.cut.control_0.fast01.cap_cnt_reg_1_
    $setup( negedge D:8859034800, negedge CKN &&& (flag == 1'b1):8859040000, limit: 5600 );


"./tsmc090.v", 9958: Timing violation in AAtb_top.cut.control_0.fast01.cap_cnt_reg_1_
    $setup( negedge D:9087034800, negedge CKN &&& (flag == 1'b1):9087037000, limit: 5600 );


"./tsmc090.v", 9958: Timing violation in AAtb_top.cut.control_0.fast01.cap_cnt_reg_1_
    $hold( negedge CKN &&& (flag == 1'b1):9315034000, negedge D:9315034800, limit: 4600 );


"./tsmc090.v", 9958: Timing violation in AAtb_top.cut.control_0.fast01.cap_cnt_reg_1_
    $hold( negedge CKN &&& (flag == 1'b1):9543031000, negedge D:9543034800, limit: 4600 );


"./tsmc090.v", 9958: Timing violation in AAtb_top.cut.control_0.fast01.cap_cnt_reg_1_
    $setup( negedge D:9562034800, negedge CKN &&& (flag == 1'b1):9562039000, limit: 5600 );


"./tsmc090.v", 9958: Timing violation in AAtb_top.cut.control_0.fast01.cap_cnt_reg_1_
    $hold( negedge CKN &&& (flag == 1'b1):10085032000, negedge D:10085034800, limit: 4600 );


"./tsmc090.v", 9958: Timing violation in AAtb_top.cut.control_0.fast01.cap_cnt_reg_1_
    $setup( negedge D:10104034800, negedge CKN &&& (flag == 1'b1):10104037000, limit: 5600 );


"./tsmc090.v", 9958: Timing violation in AAtb_top.cut.control_0.fast01.cap_cnt_reg_1_
    $hold( negedge CKN &&& (flag == 1'b1):10484032000, negedge D:10484034800, limit: 4600 );


"./tsmc090.v", 9958: Timing violation in AAtb_top.cut.control_0.fast01.cap_cnt_reg_1_
    $setup( negedge D:10503034800, negedge CKN &&& (flag == 1'b1):10503037000, limit: 5600 );


"./tsmc090.v", 9958: Timing violation in AAtb_top.cut.control_0.fast01.cap_cnt_reg_1_
    $hold( negedge CKN &&& (flag == 1'b1):10883032000, negedge D:10883034800, limit: 4600 );


"./tsmc090.v", 9958: Timing violation in AAtb_top.cut.control_0.fast01.cap_cnt_reg_1_
    $setup( negedge D:10902034800, negedge CKN &&& (flag == 1'b1):10902037000, limit: 5600 );


"./tsmc090.v", 9958: Timing violation in AAtb_top.cut.control_0.fast01.cap_cnt_reg_1_
    $hold( negedge CKN &&& (flag == 1'b1):11023032000, negedge D:11023034800, limit: 4600 );


"./tsmc090.v", 9958: Timing violation in AAtb_top.cut.control_0.fast01.cap_cnt_reg_1_
    $hold( negedge CKN &&& (flag == 1'b1):11175031000, negedge D:11175034800, limit: 4600 );


"./tsmc090.v", 26300: Timing violation in AAtb_top.cut.b12_0.data_out_reg_1_
    $setup( negedge D:11227299100, posedge CK &&& (SandRandSEb == 1'b1):11227315500, limit: 17700 );

"./tsmc090.v", 26300: Timing violation in AAtb_top.cut.b12_0.data_out_reg_0_
    $setup( negedge D:11227299100, posedge CK &&& (SandRandSEb == 1'b1):11227315500, limit: 17700 );


"./tsmc090.v", 9958: Timing violation in AAtb_top.cut.control_0.fast01.cap_cnt_reg_1_
    $setup( negedge D:11650034800, negedge CKN &&& (flag == 1'b1):11650040000, limit: 5600 );


"./tsmc090.v", 26300: Timing violation in AAtb_top.cut.b12_0.data_out_reg_1_
    $setup( negedge D:11683296100, posedge CK &&& (SandRandSEb == 1'b1):11683312500, limit: 17700 );


"./tsmc090.v", 9958: Timing violation in AAtb_top.cut.control_0.fast01.cap_cnt_reg_1_
    $setup( negedge D:11802034800, negedge CKN &&& (flag == 1'b1):11802039000, limit: 5600 );


"./tsmc090.v", 9958: Timing violation in AAtb_top.cut.control_0.fast01.cap_cnt_reg_1_
    $setup( negedge D:11954034800, negedge CKN &&& (flag == 1'b1):11954038000, limit: 5600 );


"./tsmc090.v", 9958: Timing violation in AAtb_top.cut.control_0.fast01.cap_cnt_reg_1_
    $setup( negedge D:12227034800, negedge CKN &&& (flag == 1'b1):12227040000, limit: 5600 );


"./tsmc090.v", 9958: Timing violation in AAtb_top.cut.control_0.fast01.cap_cnt_reg_1_
    $hold( negedge CKN &&& (flag == 1'b1):12284032000, negedge D:12284034800, limit: 4600 );


"./tsmc090.v", 9958: Timing violation in AAtb_top.cut.control_0.fast01.cap_cnt_reg_1_
    $setup( negedge D:12474034800, negedge CKN &&& (flag == 1'b1):12474040000, limit: 5600 );


"./tsmc090.v", 9958: Timing violation in AAtb_top.cut.control_0.fast01.cap_cnt_reg_1_
    $hold( negedge CKN &&& (flag == 1'b1):12531032000, negedge D:12531034800, limit: 4600 );


"./tsmc090.v", 9958: Timing violation in AAtb_top.cut.control_0.fast01.cap_cnt_reg_1_
    $setup( negedge D:12721034800, negedge CKN &&& (flag == 1'b1):12721040000, limit: 5600 );


"./tsmc090.v", 9958: Timing violation in AAtb_top.cut.control_0.fast01.cap_cnt_reg_1_
    $hold( negedge CKN &&& (flag == 1'b1):12778032000, negedge D:12778034800, limit: 4600 );


"./tsmc090.v", 9958: Timing violation in AAtb_top.cut.control_0.fast01.cap_cnt_reg_1_
    $setup( negedge D:12968034800, negedge CKN &&& (flag == 1'b1):12968040000, limit: 5600 );


"./tsmc090.v", 9958: Timing violation in AAtb_top.cut.control_0.fast01.cap_cnt_reg_1_
    $hold( negedge CKN &&& (flag == 1'b1):13025032000, negedge D:13025034800, limit: 4600 );


"./tsmc090.v", 9958: Timing violation in AAtb_top.cut.control_0.fast01.cap_cnt_reg_1_
    $setup( negedge D:13215034800, negedge CKN &&& (flag == 1'b1):13215040000, limit: 5600 );


"./tsmc090.v", 9970: Timing violation in AAtb_top.cut.control_0.fast01.cap_cnt_reg_0_
    $width( posedge CKN &&& (flag == 1'b1):13278500000,  : 13278504000, limit: 7800 );

"./tsmc090.v", 9970: Timing violation in AAtb_top.cut.control_0.fast01.cap_cnt_reg_1_
    $width( posedge CKN &&& (flag == 1'b1):13278500000,  : 13278504000, limit: 7800 );


"./tsmc090.v", 9958: Timing violation in AAtb_top.cut.control_0.fast01.cap_cnt_reg_1_
    $hold( negedge CKN &&& (flag == 1'b1):13355033000, negedge D:13355034800, limit: 4600 );


"./tsmc090.v", 9958: Timing violation in AAtb_top.cut.control_0.fast01.cap_cnt_reg_1_
    $setup( negedge D:13393034800, negedge CKN &&& (flag == 1'b1):13393040000, limit: 5600 );


"./tsmc090.v", 9958: Timing violation in AAtb_top.cut.control_0.fast01.cap_cnt_reg_1_
    $hold( negedge CKN &&& (flag == 1'b1):13640034000, negedge D:13640034800, limit: 4600 );


"./tsmc090.v", 9958: Timing violation in AAtb_top.cut.control_0.fast01.cap_cnt_reg_1_
    $setup( negedge D:13925034800, negedge CKN &&& (flag == 1'b1):13925035000, limit: 5600 );


"./tsmc090.v", 9958: Timing violation in AAtb_top.cut.control_0.fast01.cap_cnt_reg_1_
    $setup( negedge D:14210034800, negedge CKN &&& (flag == 1'b1):14210036000, limit: 5600 );


"./tsmc090.v", 9970: Timing violation in AAtb_top.cut.control_0.fast01.cap_cnt_reg_0_
    $width( posedge CKN &&& (flag == 1'b1):14431022500,  : 14431024200, limit: 7800 );

"./tsmc090.v", 9970: Timing violation in AAtb_top.cut.control_0.fast01.cap_cnt_reg_1_
    $width( posedge CKN &&& (flag == 1'b1):14431022500,  : 14431024200, limit: 7800 );


"./tsmc090.v", 9958: Timing violation in AAtb_top.cut.control_0.fast01.cap_cnt_reg_1_
    $setup( negedge D:14540034800, negedge CKN &&& (flag == 1'b1):14540038500, limit: 5600 );


"./tsmc090.v", 9958: Timing violation in AAtb_top.cut.control_0.fast01.cap_cnt_reg_1_
    $setup( negedge D:14749034800, negedge CKN &&& (flag == 1'b1):14749036500, limit: 5600 );


"./tsmc090.v", 9958: Timing violation in AAtb_top.cut.control_0.fast01.cap_cnt_reg_1_
    $hold( negedge CKN &&& (flag == 1'b1):14958034500, negedge D:14958034800, limit: 4600 );


"./tsmc090.v", 9958: Timing violation in AAtb_top.cut.control_0.fast01.cap_cnt_reg_1_
    $hold( negedge CKN &&& (flag == 1'b1):15167032500, negedge D:15167034800, limit: 4600 );


"./tsmc090.v", 9958: Timing violation in AAtb_top.cut.control_0.fast01.cap_cnt_reg_1_
    $hold( negedge CKN &&& (flag == 1'b1):15376030500, negedge D:15376034800, limit: 4600 );


"./tsmc090.v", 9958: Timing violation in AAtb_top.cut.control_0.fast01.cap_cnt_reg_1_
    $setup( negedge D:15509034800, negedge CKN &&& (flag == 1'b1):15509038500, limit: 5600 );


"./tsmc090.v", 9958: Timing violation in AAtb_top.cut.control_0.fast01.cap_cnt_reg_1_
    $setup( negedge D:15763034800, negedge CKN &&& (flag == 1'b1):15763038500, limit: 5600 );


"./tsmc090.v", 9958: Timing violation in AAtb_top.cut.control_0.fast01.cap_cnt_reg_1_
    $hold( negedge CKN &&& (flag == 1'b1):15934031500, negedge D:15934034800, limit: 4600 );


"./tsmc090.v", 9958: Timing violation in AAtb_top.cut.control_0.fast01.cap_cnt_reg_1_
    $setup( negedge D:16086034800, negedge CKN &&& (flag == 1'b1):16086036500, limit: 5600 );


"./tsmc090.v", 9958: Timing violation in AAtb_top.cut.control_0.fast01.cap_cnt_reg_1_
    $hold( negedge CKN &&& (flag == 1'b1):16409034500, negedge D:16409034800, limit: 4600 );


"./tsmc090.v", 9958: Timing violation in AAtb_top.cut.control_0.fast01.cap_cnt_reg_1_
    $setup( negedge D:16561034800, negedge CKN &&& (flag == 1'b1):16561039500, limit: 5600 );


"./tsmc090.v", 9958: Timing violation in AAtb_top.cut.control_0.fast01.cap_cnt_reg_1_
    $hold( negedge CKN &&& (flag == 1'b1):16732032500, negedge D:16732034800, limit: 4600 );


"./tsmc090.v", 9970: Timing violation in AAtb_top.cut.control_0.fast01.cap_cnt_reg_0_
    $width( posedge CKN &&& (flag == 1'b1):17929023000,  : 17929024200, limit: 7800 );

"./tsmc090.v", 9970: Timing violation in AAtb_top.cut.control_0.fast01.cap_cnt_reg_1_
    $width( posedge CKN &&& (flag == 1'b1):17929023000,  : 17929024200, limit: 7800 );


"./tsmc090.v", 9958: Timing violation in AAtb_top.cut.control_0.fast01.cap_cnt_reg_1_
    $hold( negedge CKN &&& (flag == 1'b1):18095032500, negedge D:18095034800, limit: 4600 );


"./tsmc090.v", 9958: Timing violation in AAtb_top.cut.control_0.fast01.cap_cnt_reg_1_
    $setup( negedge D:18342034800, negedge CKN &&& (flag == 1'b1):18342037500, limit: 5600 );


"./tsmc090.v", 9958: Timing violation in AAtb_top.cut.control_0.fast01.cap_cnt_reg_1_
    $hold( negedge CKN &&& (flag == 1'b1):18570034500, negedge D:18570034800, limit: 4600 );


"./tsmc090.v", 9958: Timing violation in AAtb_top.cut.control_0.fast01.cap_cnt_reg_1_
    $hold( negedge CKN &&& (flag == 1'b1):18798031500, negedge D:18798034800, limit: 4600 );


"./tsmc090.v", 9958: Timing violation in AAtb_top.cut.control_0.fast01.cap_cnt_reg_1_
    $setup( negedge D:18817034800, negedge CKN &&& (flag == 1'b1):18817039500, limit: 5600 );


"./tsmc090.v", 9958: Timing violation in AAtb_top.cut.control_0.fast01.cap_cnt_reg_1_
    $setup( negedge D:19045034800, negedge CKN &&& (flag == 1'b1):19045036500, limit: 5600 );


"./tsmc090.v", 9958: Timing violation in AAtb_top.cut.control_0.fast01.cap_cnt_reg_1_
    $hold( negedge CKN &&& (flag == 1'b1):19185034000, negedge D:19185034800, limit: 4600 );


"./tsmc090.v", 9958: Timing violation in AAtb_top.cut.control_0.fast01.cap_cnt_reg_1_
    $hold( negedge CKN &&& (flag == 1'b1):19337032000, negedge D:19337034800, limit: 4600 );


"./tsmc090.v", 26300: Timing violation in AAtb_top.cut.b12_0.data_out_reg_1_
    $setup( negedge D:19389347600, posedge CK &&& (SandRandSEb == 1'b1):19389365000, limit: 17700 );

"./tsmc090.v", 26300: Timing violation in AAtb_top.cut.b12_0.data_out_reg_0_
    $setup( negedge D:19389347600, posedge CK &&& (SandRandSEb == 1'b1):19389365000, limit: 17700 );


"./tsmc090.v", 9958: Timing violation in AAtb_top.cut.control_0.fast01.cap_cnt_reg_1_
    $setup( negedge D:19660034800, negedge CKN &&& (flag == 1'b1):19660040000, limit: 5600 );


"./tsmc090.v", 9958: Timing violation in AAtb_top.cut.control_0.fast01.cap_cnt_reg_1_
    $setup( negedge D:19812034800, negedge CKN &&& (flag == 1'b1):19812038000, limit: 5600 );


"./tsmc090.v", 26300: Timing violation in AAtb_top.cut.b12_0.data_out_reg_1_
    $setup( negedge D:19845341600, posedge CK &&& (SandRandSEb == 1'b1):19845359000, limit: 17700 );


"./tsmc090.v", 9958: Timing violation in AAtb_top.cut.control_0.fast01.cap_cnt_reg_1_
    $setup( negedge D:19964034800, negedge CKN &&& (flag == 1'b1):19964036000, limit: 5600 );


"./tsmc090.v", 9958: Timing violation in AAtb_top.cut.control_0.fast01.cap_cnt_reg_1_
    $hold( negedge CKN &&& (flag == 1'b1):20116034000, negedge D:20116034800, limit: 4600 );


"./tsmc090.v", 9958: Timing violation in AAtb_top.cut.control_0.fast01.cap_cnt_reg_1_
    $hold( negedge CKN &&& (flag == 1'b1):20370034500, negedge D:20370034800, limit: 4600 );


"./tsmc090.v", 9958: Timing violation in AAtb_top.cut.control_0.fast01.cap_cnt_reg_1_
    $hold( negedge CKN &&& (flag == 1'b1):20598031500, negedge D:20598034800, limit: 4600 );


"./tsmc090.v", 9958: Timing violation in AAtb_top.cut.control_0.fast01.cap_cnt_reg_1_
    $setup( negedge D:20617034800, negedge CKN &&& (flag == 1'b1):20617039500, limit: 5600 );


"./tsmc090.v", 9958: Timing violation in AAtb_top.cut.control_0.fast01.cap_cnt_reg_1_
    $setup( negedge D:20845034800, negedge CKN &&& (flag == 1'b1):20845036500, limit: 5600 );


"./tsmc090.v", 9958: Timing violation in AAtb_top.cut.control_0.fast01.cap_cnt_reg_1_
    $hold( negedge CKN &&& (flag == 1'b1):21073033500, negedge D:21073034800, limit: 4600 );


"./tsmc090.v", 9958: Timing violation in AAtb_top.cut.control_0.fast01.cap_cnt_reg_1_
    $hold( negedge CKN &&& (flag == 1'b1):21301030500, negedge D:21301034800, limit: 4600 );


"./tsmc090.v", 9958: Timing violation in AAtb_top.cut.control_0.fast01.cap_cnt_reg_1_
    $setup( negedge D:21320034800, negedge CKN &&& (flag == 1'b1):21320038500, limit: 5600 );


"./tsmc090.v", 9958: Timing violation in AAtb_top.cut.control_0.fast01.cap_cnt_reg_1_
    $hold( negedge CKN &&& (flag == 1'b1):21520033500, negedge D:21520034800, limit: 4600 );


"./tsmc090.v", 9958: Timing violation in AAtb_top.cut.control_0.fast01.cap_cnt_reg_1_
    $setup( negedge D:21539034800, negedge CKN &&& (flag == 1'b1):21539038500, limit: 5600 );


"./tsmc090.v", 9958: Timing violation in AAtb_top.cut.control_0.fast01.cap_cnt_reg_1_
    $hold( negedge CKN &&& (flag == 1'b1):21919033500, negedge D:21919034800, limit: 4600 );


"./tsmc090.v", 9958: Timing violation in AAtb_top.cut.control_0.fast01.cap_cnt_reg_1_
    $setup( negedge D:21938034800, negedge CKN &&& (flag == 1'b1):21938038500, limit: 5600 );


"./tsmc090.v", 9958: Timing violation in AAtb_top.cut.control_0.fast01.cap_cnt_reg_1_
    $hold( negedge CKN &&& (flag == 1'b1):22318033500, negedge D:22318034800, limit: 4600 );


"./tsmc090.v", 9958: Timing violation in AAtb_top.cut.control_0.fast01.cap_cnt_reg_1_
    $setup( negedge D:22337034800, negedge CKN &&& (flag == 1'b1):22337038500, limit: 5600 );


"./tsmc090.v", 9958: Timing violation in AAtb_top.cut.control_0.fast01.cap_cnt_reg_1_
    $hold( negedge CKN &&& (flag == 1'b1):22717033500, negedge D:22717034800, limit: 4600 );


"./tsmc090.v", 9958: Timing violation in AAtb_top.cut.control_0.fast01.cap_cnt_reg_1_
    $setup( negedge D:22736034800, negedge CKN &&& (flag == 1'b1):22736038500, limit: 5600 );


"./tsmc090.v", 9970: Timing violation in AAtb_top.cut.control_0.fast01.cap_cnt_reg_0_
    $width( posedge CKN &&& (flag == 1'b1):22799500000,  : 22799505500, limit: 7800 );

"./tsmc090.v", 9970: Timing violation in AAtb_top.cut.control_0.fast01.cap_cnt_reg_1_
    $width( posedge CKN &&& (flag == 1'b1):22799500000,  : 22799505500, limit: 7800 );


"./tsmc090.v", 9958: Timing violation in AAtb_top.cut.control_0.fast01.cap_cnt_reg_1_
    $setup( negedge D:22876034800, negedge CKN &&& (flag == 1'b1):22876038500, limit: 5600 );


"./tsmc090.v", 9958: Timing violation in AAtb_top.cut.control_0.fast01.cap_cnt_reg_1_
    $setup( negedge D:23028034800, negedge CKN &&& (flag == 1'b1):23028037500, limit: 5600 );


"./tsmc090.v", 26300: Timing violation in AAtb_top.cut.b12_0.data_out_reg_1_
    $setup( negedge D:23080305600, posedge CK &&& (SandRandSEb == 1'b1):23080322000, limit: 17700 );

"./tsmc090.v", 26300: Timing violation in AAtb_top.cut.b12_0.data_out_reg_0_
    $setup( negedge D:23080305600, posedge CK &&& (SandRandSEb == 1'b1):23080322000, limit: 17700 );


"./tsmc090.v", 9958: Timing violation in AAtb_top.cut.control_0.fast01.cap_cnt_reg_1_
    $setup( negedge D:23180034800, negedge CKN &&& (flag == 1'b1):23180036500, limit: 5600 );


"./tsmc090.v", 9958: Timing violation in AAtb_top.cut.control_0.fast01.cap_cnt_reg_1_
    $setup( negedge D:23332034800, negedge CKN &&& (flag == 1'b1):23332035500, limit: 5600 );


"./tsmc090.v", 9958: Timing violation in AAtb_top.cut.control_0.fast01.cap_cnt_reg_1_
    $hold( negedge CKN &&& (flag == 1'b1):23484034500, negedge D:23484034800, limit: 4600 );


"./tsmc090.v", 26300: Timing violation in AAtb_top.cut.b12_0.data_out_reg_1_
    $setup( negedge D:23536302600, posedge CK &&& (SandRandSEb == 1'b1):23536319000, limit: 17700 );


"./tsmc090.v", 9958: Timing violation in AAtb_top.cut.control_0.fast01.cap_cnt_reg_1_
    $hold( negedge CKN &&& (flag == 1'b1):23636033500, negedge D:23636034800, limit: 4600 );


"./tsmc090.v", 9958: Timing violation in AAtb_top.cut.control_0.fast01.cap_cnt_reg_1_
    $hold( negedge CKN &&& (flag == 1'b1):23788032500, negedge D:23788034800, limit: 4600 );


"./tsmc090.v", 9958: Timing violation in AAtb_top.cut.control_0.fast01.cap_cnt_reg_1_
    $hold( negedge CKN &&& (flag == 1'b1):23940031500, negedge D:23940034800, limit: 4600 );


"./tsmc090.v", 9958: Timing violation in AAtb_top.cut.control_0.fast01.cap_cnt_reg_1_
    $hold( negedge CKN &&& (flag == 1'b1):24092030500, negedge D:24092034800, limit: 4600 );


"./tsmc090.v", 9958: Timing violation in AAtb_top.cut.control_0.fast01.cap_cnt_reg_1_
    $hold( negedge CKN &&& (flag == 1'b1):24308033000, negedge D:24308034800, limit: 4600 );


"./tsmc090.v", 9958: Timing violation in AAtb_top.cut.control_0.fast01.cap_cnt_reg_1_
    $hold( negedge CKN &&& (flag == 1'b1):24555033000, negedge D:24555034800, limit: 4600 );


"./tsmc090.v", 9958: Timing violation in AAtb_top.cut.control_0.fast01.cap_cnt_reg_1_
    $hold( negedge CKN &&& (flag == 1'b1):24802033000, negedge D:24802034800, limit: 4600 );


"./tsmc090.v", 9958: Timing violation in AAtb_top.cut.control_0.fast01.cap_cnt_reg_1_
    $hold( negedge CKN &&& (flag == 1'b1):25049033000, negedge D:25049034800, limit: 4600 );


"./tsmc090.v", 9958: Timing violation in AAtb_top.cut.control_0.fast01.cap_cnt_reg_1_
    $hold( negedge CKN &&& (flag == 1'b1):25296033000, negedge D:25296034800, limit: 4600 );


"./tsmc090.v", 9958: Timing violation in AAtb_top.cut.control_0.fast01.cap_cnt_reg_1_
    $setup( negedge D:25683034800, negedge CKN &&& (flag == 1'b1):25683036000, limit: 5600 );


"./tsmc090.v", 9958: Timing violation in AAtb_top.cut.control_0.fast01.cap_cnt_reg_1_
    $setup( negedge D:25968034800, negedge CKN &&& (flag == 1'b1):25968037000, limit: 5600 );


"./tsmc090.v", 9958: Timing violation in AAtb_top.cut.control_0.fast01.cap_cnt_reg_1_
    $hold( negedge CKN &&& (flag == 1'b1):26215031000, negedge D:26215034800, limit: 4600 );


"./tsmc090.v", 9958: Timing violation in AAtb_top.cut.control_0.fast01.cap_cnt_reg_1_
    $setup( negedge D:26253034800, negedge CKN &&& (flag == 1'b1):26253038000, limit: 5600 );


"./tsmc090.v", 9958: Timing violation in AAtb_top.cut.control_0.fast01.cap_cnt_reg_1_
    $hold( negedge CKN &&& (flag == 1'b1):26500032000, negedge D:26500034800, limit: 4600 );


"./tsmc090.v", 9958: Timing violation in AAtb_top.cut.control_0.fast01.cap_cnt_reg_1_
    $setup( negedge D:26538034800, negedge CKN &&& (flag == 1'b1):26538039000, limit: 5600 );


"./tsmc090.v", 9958: Timing violation in AAtb_top.cut.control_0.fast01.cap_cnt_reg_1_
    $hold( negedge CKN &&& (flag == 1'b1):26785033000, negedge D:26785034800, limit: 4600 );


"./tsmc090.v", 9958: Timing violation in AAtb_top.cut.control_0.fast01.cap_cnt_reg_1_
    $setup( negedge D:26823034800, negedge CKN &&& (flag == 1'b1):26823040000, limit: 5600 );


"./tsmc090.v", 9958: Timing violation in AAtb_top.cut.control_0.fast01.cap_cnt_reg_1_
    $setup( negedge D:26944034800, negedge CKN &&& (flag == 1'b1):26944036000, limit: 5600 );


"./tsmc090.v", 9958: Timing violation in AAtb_top.cut.control_0.fast01.cap_cnt_reg_1_
    $hold( negedge CKN &&& (flag == 1'b1):27153034000, negedge D:27153034800, limit: 4600 );


"./tsmc090.v", 9958: Timing violation in AAtb_top.cut.control_0.fast01.cap_cnt_reg_1_
    $hold( negedge CKN &&& (flag == 1'b1):27362032000, negedge D:27362034800, limit: 4600 );


"./tsmc090.v", 9958: Timing violation in AAtb_top.cut.control_0.fast01.cap_cnt_reg_1_
    $setup( negedge D:27495034800, negedge CKN &&& (flag == 1'b1):27495040000, limit: 5600 );


"./tsmc090.v", 9958: Timing violation in AAtb_top.cut.control_0.fast01.cap_cnt_reg_1_
    $setup( negedge D:27704034800, negedge CKN &&& (flag == 1'b1):27704038000, limit: 5600 );


"./tsmc090.v", 9958: Timing violation in AAtb_top.cut.control_0.fast01.cap_cnt_reg_1_
    $setup( negedge D:27913034800, negedge CKN &&& (flag == 1'b1):27913036000, limit: 5600 );


"./tsmc090.v", 9958: Timing violation in AAtb_top.cut.control_0.fast01.cap_cnt_reg_1_
    $hold( negedge CKN &&& (flag == 1'b1):28122034000, negedge D:28122034800, limit: 4600 );


"./tsmc090.v", 9958: Timing violation in AAtb_top.cut.control_0.fast01.cap_cnt_reg_1_
    $hold( negedge CKN &&& (flag == 1'b1):28376034000, negedge D:28376034800, limit: 4600 );


"./tsmc090.v", 9958: Timing violation in AAtb_top.cut.control_0.fast01.cap_cnt_reg_1_
    $setup( negedge D:28528034800, negedge CKN &&& (flag == 1'b1):28528039000, limit: 5600 );


"./tsmc090.v", 9958: Timing violation in AAtb_top.cut.control_0.fast01.cap_cnt_reg_1_
    $hold( negedge CKN &&& (flag == 1'b1):28699032000, negedge D:28699034800, limit: 4600 );


"./tsmc090.v", 9958: Timing violation in AAtb_top.cut.control_0.fast01.cap_cnt_reg_1_
    $setup( negedge D:28851034800, negedge CKN &&& (flag == 1'b1):28851037000, limit: 5600 );


"./tsmc090.v", 9958: Timing violation in AAtb_top.cut.control_0.fast01.cap_cnt_reg_1_
    $setup( negedge D:29174034800, negedge CKN &&& (flag == 1'b1):29174035000, limit: 5600 );


"./tsmc090.v", 9958: Timing violation in AAtb_top.cut.control_0.fast01.cap_cnt_reg_1_
    $setup( negedge D:29326034800, negedge CKN &&& (flag == 1'b1):29326040000, limit: 5600 );


"./tsmc090.v", 9958: Timing violation in AAtb_top.cut.control_0.fast01.cap_cnt_reg_1_
    $hold( negedge CKN &&& (flag == 1'b1):29497033000, negedge D:29497034800, limit: 4600 );


"./tsmc090.v", 9958: Timing violation in AAtb_top.cut.control_0.fast01.cap_cnt_reg_1_
    $hold( negedge CKN &&& (flag == 1'b1):31145034000, negedge D:31145034800, limit: 4600 );


"./tsmc090.v", 9958: Timing violation in AAtb_top.cut.control_0.fast01.cap_cnt_reg_1_
    $hold( negedge CKN &&& (flag == 1'b1):31373031000, negedge D:31373034800, limit: 4600 );


"./tsmc090.v", 9958: Timing violation in AAtb_top.cut.control_0.fast01.cap_cnt_reg_1_
    $setup( negedge D:31392034800, negedge CKN &&& (flag == 1'b1):31392039000, limit: 5600 );


"./tsmc090.v", 9958: Timing violation in AAtb_top.cut.control_0.fast01.cap_cnt_reg_1_
    $setup( negedge D:31620034800, negedge CKN &&& (flag == 1'b1):31620036000, limit: 5600 );


"./tsmc090.v", 9958: Timing violation in AAtb_top.cut.control_0.fast01.cap_cnt_reg_1_
    $hold( negedge CKN &&& (flag == 1'b1):31848033000, negedge D:31848034800, limit: 4600 );


"./tsmc090.v", 9958: Timing violation in AAtb_top.cut.control_0.fast01.cap_cnt_reg_1_
    $setup( negedge D:32095034800, negedge CKN &&& (flag == 1'b1):32095038000, limit: 5600 );


"./tsmc090.v", 26300: Timing violation in AAtb_top.cut.b12_0.data_out_reg_1_
    $setup( negedge D:32572306100, posedge CK &&& (SandRandSEb == 1'b1):32572323500, limit: 17700 );

"./tsmc090.v", 26300: Timing violation in AAtb_top.cut.b12_0.data_out_reg_0_
    $setup( negedge D:32572306100, posedge CK &&& (SandRandSEb == 1'b1):32572323500, limit: 17700 );


"./tsmc090.v", 9958: Timing violation in AAtb_top.cut.control_0.fast01.cap_cnt_reg_1_
    $setup( negedge D:32596034800, negedge CKN &&& (flag == 1'b1):32596038500, limit: 5600 );


"./tsmc090.v", 9958: Timing violation in AAtb_top.cut.control_0.fast01.cap_cnt_reg_1_
    $setup( negedge D:32748034800, negedge CKN &&& (flag == 1'b1):32748036500, limit: 5600 );


"./tsmc090.v", 9958: Timing violation in AAtb_top.cut.control_0.fast01.cap_cnt_reg_1_
    $hold( negedge CKN &&& (flag == 1'b1):32900034500, negedge D:32900034800, limit: 4600 );


"./tsmc090.v", 26300: Timing violation in AAtb_top.cut.b12_0.data_out_reg_1_
    $setup( negedge D:33028300100, posedge CK &&& (SandRandSEb == 1'b1):33028317500, limit: 17700 );


"./tsmc090.v", 9958: Timing violation in AAtb_top.cut.control_0.fast01.cap_cnt_reg_1_
    $hold( negedge CKN &&& (flag == 1'b1):33052032500, negedge D:33052034800, limit: 4600 );


"./tsmc090.v", 9958: Timing violation in AAtb_top.cut.control_0.fast01.cap_cnt_reg_1_
    $hold( negedge CKN &&& (flag == 1'b1):33204030500, negedge D:33204034800, limit: 4600 );


"./tsmc090.v", 9958: Timing violation in AAtb_top.cut.control_0.fast01.cap_cnt_reg_1_
    $setup( negedge D:33527034800, negedge CKN &&& (flag == 1'b1):33527038500, limit: 5600 );


"./tsmc090.v", 9958: Timing violation in AAtb_top.cut.control_0.fast01.cap_cnt_reg_1_
    $hold( negedge CKN &&& (flag == 1'b1):33781031000, negedge D:33781034800, limit: 4600 );


"./tsmc090.v", 9958: Timing violation in AAtb_top.cut.control_0.fast01.cap_cnt_reg_1_
    $setup( negedge D:33800034800, negedge CKN &&& (flag == 1'b1):33800039000, limit: 5600 );


"./tsmc090.v", 9958: Timing violation in AAtb_top.cut.control_0.fast01.cap_cnt_reg_1_
    $setup( negedge D:34028034800, negedge CKN &&& (flag == 1'b1):34028036000, limit: 5600 );


"./tsmc090.v", 9958: Timing violation in AAtb_top.cut.control_0.fast01.cap_cnt_reg_1_
    $hold( negedge CKN &&& (flag == 1'b1):34256033000, negedge D:34256034800, limit: 4600 );


"./tsmc090.v", 9958: Timing violation in AAtb_top.cut.control_0.fast01.cap_cnt_reg_1_
    $setup( negedge D:34503034800, negedge CKN &&& (flag == 1'b1):34503038000, limit: 5600 );


"./tsmc090.v", 9958: Timing violation in AAtb_top.cut.control_0.fast01.cap_cnt_reg_1_
    $setup( negedge D:34731034800, negedge CKN &&& (flag == 1'b1):34731035000, limit: 5600 );


"./tsmc090.v", 9958: Timing violation in AAtb_top.cut.control_0.fast01.cap_cnt_reg_1_
    $hold( negedge CKN &&& (flag == 1'b1):34959032000, negedge D:34959034800, limit: 4600 );


"./tsmc090.v", 9958: Timing violation in AAtb_top.cut.control_0.fast01.cap_cnt_reg_1_
    $setup( negedge D:34978034800, negedge CKN &&& (flag == 1'b1):34978040000, limit: 5600 );


"./tsmc090.v", 9958: Timing violation in AAtb_top.cut.control_0.fast01.cap_cnt_reg_1_
    $setup( negedge D:35235034800, negedge CKN &&& (flag == 1'b1):35235035000, limit: 5600 );


"./tsmc090.v", 9958: Timing violation in AAtb_top.cut.control_0.fast01.cap_cnt_reg_1_
    $setup( negedge D:35254034800, negedge CKN &&& (flag == 1'b1):35254040000, limit: 5600 );


"./tsmc090.v", 9958: Timing violation in AAtb_top.cut.control_0.fast01.cap_cnt_reg_1_
    $setup( negedge D:35634034800, negedge CKN &&& (flag == 1'b1):35634035000, limit: 5600 );


"./tsmc090.v", 9958: Timing violation in AAtb_top.cut.control_0.fast01.cap_cnt_reg_1_
    $setup( negedge D:35653034800, negedge CKN &&& (flag == 1'b1):35653040000, limit: 5600 );


"./tsmc090.v", 9958: Timing violation in AAtb_top.cut.control_0.fast01.cap_cnt_reg_1_
    $setup( negedge D:36033034800, negedge CKN &&& (flag == 1'b1):36033035000, limit: 5600 );


"./tsmc090.v", 9958: Timing violation in AAtb_top.cut.control_0.fast01.cap_cnt_reg_1_
    $setup( negedge D:36052034800, negedge CKN &&& (flag == 1'b1):36052040000, limit: 5600 );


"./tsmc090.v", 9958: Timing violation in AAtb_top.cut.control_0.fast01.cap_cnt_reg_1_
    $setup( negedge D:36432034800, negedge CKN &&& (flag == 1'b1):36432035000, limit: 5600 );


"./tsmc090.v", 9958: Timing violation in AAtb_top.cut.control_0.fast01.cap_cnt_reg_1_
    $setup( negedge D:36451034800, negedge CKN &&& (flag == 1'b1):36451040000, limit: 5600 );


"./tsmc090.v", 9958: Timing violation in AAtb_top.cut.control_0.fast01.cap_cnt_reg_1_
    $hold( negedge CKN &&& (flag == 1'b1):36610034000, negedge D:36610034800, limit: 4600 );


"./tsmc090.v", 9958: Timing violation in AAtb_top.cut.control_0.fast01.cap_cnt_reg_1_
    $hold( negedge CKN &&& (flag == 1'b1):36762033000, negedge D:36762034800, limit: 4600 );


"./tsmc090.v", 26300: Timing violation in AAtb_top.cut.b12_0.data_out_reg_1_
    $setup( negedge D:36833313100, posedge CK &&& (SandRandSEb == 1'b1):36833329500, limit: 17700 );

"./tsmc090.v", 26300: Timing violation in AAtb_top.cut.b12_0.data_out_reg_0_
    $setup( negedge D:36833313100, posedge CK &&& (SandRandSEb == 1'b1):36833329500, limit: 17700 );


"./tsmc090.v", 9958: Timing violation in AAtb_top.cut.control_0.fast01.cap_cnt_reg_1_
    $hold( negedge CKN &&& (flag == 1'b1):36914032000, negedge D:36914034800, limit: 4600 );


"./tsmc090.v", 9958: Timing violation in AAtb_top.cut.control_0.fast01.cap_cnt_reg_1_
    $hold( negedge CKN &&& (flag == 1'b1):37066031000, negedge D:37066034800, limit: 4600 );


"./tsmc090.v", 26300: Timing violation in AAtb_top.cut.b12_0.data_out_reg_1_
    $setup( negedge D:37289310100, posedge CK &&& (SandRandSEb == 1'b1):37289326500, limit: 17700 );


"./tsmc090.v", 9958: Timing violation in AAtb_top.cut.control_0.fast01.cap_cnt_reg_1_
    $setup( negedge D:37541034800, negedge CKN &&& (flag == 1'b1):37541040000, limit: 5600 );


"./tsmc090.v", 9958: Timing violation in AAtb_top.cut.control_0.fast01.cap_cnt_reg_1_
    $setup( negedge D:37693034800, negedge CKN &&& (flag == 1'b1):37693039000, limit: 5600 );


"./tsmc090.v", 9958: Timing violation in AAtb_top.cut.control_0.fast01.cap_cnt_reg_1_
    $setup( negedge D:37845034800, negedge CKN &&& (flag == 1'b1):37845038000, limit: 5600 );


"./tsmc090.v", 26300: Timing violation in AAtb_top.cut.b12_0.data_out_reg_0_
    $setup( negedge D:37973356300, posedge CK &&& (SandRandSEb == 1'b1):37973370500, limit: 17700 );


"./tsmc090.v", 9958: Timing violation in AAtb_top.cut.control_0.fast01.cap_cnt_reg_1_
    $setup( negedge D:37997034800, negedge CKN &&& (flag == 1'b1):37997037000, limit: 5600 );


"./tsmc090.v", 9958: Timing violation in AAtb_top.cut.control_0.fast01.cap_cnt_reg_1_
    $setup( negedge D:38175034800, negedge CKN &&& (flag == 1'b1):38175039500, limit: 5600 );


"./tsmc090.v", 9958: Timing violation in AAtb_top.cut.control_0.fast01.cap_cnt_reg_1_
    $hold( negedge CKN &&& (flag == 1'b1):38232031500, negedge D:38232034800, limit: 4600 );


"./tsmc090.v", 9958: Timing violation in AAtb_top.cut.control_0.fast01.cap_cnt_reg_1_
    $setup( negedge D:38422034800, negedge CKN &&& (flag == 1'b1):38422039500, limit: 5600 );


"./tsmc090.v", 9958: Timing violation in AAtb_top.cut.control_0.fast01.cap_cnt_reg_1_
    $hold( negedge CKN &&& (flag == 1'b1):38479031500, negedge D:38479034800, limit: 4600 );


"./tsmc090.v", 9958: Timing violation in AAtb_top.cut.control_0.fast01.cap_cnt_reg_1_
    $setup( negedge D:38669034800, negedge CKN &&& (flag == 1'b1):38669039500, limit: 5600 );


"./tsmc090.v", 9958: Timing violation in AAtb_top.cut.control_0.fast01.cap_cnt_reg_1_
    $hold( negedge CKN &&& (flag == 1'b1):38726031500, negedge D:38726034800, limit: 4600 );


"./tsmc090.v", 9958: Timing violation in AAtb_top.cut.control_0.fast01.cap_cnt_reg_1_
    $setup( negedge D:38916034800, negedge CKN &&& (flag == 1'b1):38916039500, limit: 5600 );


"./tsmc090.v", 9958: Timing violation in AAtb_top.cut.control_0.fast01.cap_cnt_reg_1_
    $hold( negedge CKN &&& (flag == 1'b1):38973031500, negedge D:38973034800, limit: 4600 );


"./tsmc090.v", 9958: Timing violation in AAtb_top.cut.control_0.fast01.cap_cnt_reg_1_
    $setup( negedge D:39163034800, negedge CKN &&& (flag == 1'b1):39163039500, limit: 5600 );


"./tsmc090.v", 9958: Timing violation in AAtb_top.cut.control_0.fast01.cap_cnt_reg_1_
    $hold( negedge CKN &&& (flag == 1'b1):39220031500, negedge D:39220034800, limit: 4600 );


"./tsmc090.v", 9958: Timing violation in AAtb_top.cut.control_0.fast01.cap_cnt_reg_1_
    $setup( negedge D:39410034800, negedge CKN &&& (flag == 1'b1):39410039500, limit: 5600 );


"./tsmc090.v", 9958: Timing violation in AAtb_top.cut.control_0.fast01.cap_cnt_reg_1_
    $hold( negedge CKN &&& (flag == 1'b1):39467031500, negedge D:39467034800, limit: 4600 );


"./tsmc090.v", 9958: Timing violation in AAtb_top.cut.control_0.fast01.cap_cnt_reg_1_
    $hold( negedge CKN &&& (flag == 1'b1):39873033000, negedge D:39873034800, limit: 4600 );


"./tsmc090.v", 9958: Timing violation in AAtb_top.cut.control_0.fast01.cap_cnt_reg_1_
    $setup( negedge D:39911034800, negedge CKN &&& (flag == 1'b1):39911040000, limit: 5600 );


"./tsmc090.v", 9958: Timing violation in AAtb_top.cut.control_0.fast01.cap_cnt_reg_1_
    $hold( negedge CKN &&& (flag == 1'b1):40158034000, negedge D:40158034800, limit: 4600 );


"./tsmc090.v", 9958: Timing violation in AAtb_top.cut.control_0.fast01.cap_cnt_reg_1_
    $setup( negedge D:40443034800, negedge CKN &&& (flag == 1'b1):40443035000, limit: 5600 );


"./tsmc090.v", 9958: Timing violation in AAtb_top.cut.control_0.fast01.cap_cnt_reg_1_
    $setup( negedge D:40728034800, negedge CKN &&& (flag == 1'b1):40728036000, limit: 5600 );


"./tsmc090.v", 9958: Timing violation in AAtb_top.cut.control_0.fast01.cap_cnt_reg_1_
    $setup( negedge D:41013034800, negedge CKN &&& (flag == 1'b1):41013037000, limit: 5600 );


"./tsmc090.v", 9970: Timing violation in AAtb_top.cut.control_0.fast01.cap_cnt_reg_0_
    $width( posedge CKN &&& (flag == 1'b1):41190500000,  : 41190506000, limit: 7800 );

"./tsmc090.v", 9970: Timing violation in AAtb_top.cut.control_0.fast01.cap_cnt_reg_1_
    $width( posedge CKN &&& (flag == 1'b1):41190500000,  : 41190506000, limit: 7800 );


"./tsmc090.v", 9958: Timing violation in AAtb_top.cut.control_0.fast01.cap_cnt_reg_1_
    $hold( negedge CKN &&& (flag == 1'b1):41248034000, negedge D:41248034800, limit: 4600 );


"./tsmc090.v", 9958: Timing violation in AAtb_top.cut.control_0.fast01.cap_cnt_reg_1_
    $hold( negedge CKN &&& (flag == 1'b1):41457032000, negedge D:41457034800, limit: 4600 );


"./tsmc090.v", 9958: Timing violation in AAtb_top.cut.control_0.fast01.cap_cnt_reg_1_
    $setup( negedge D:41590034800, negedge CKN &&& (flag == 1'b1):41590040000, limit: 5600 );


"./tsmc090.v", 9958: Timing violation in AAtb_top.cut.control_0.fast01.cap_cnt_reg_1_
    $setup( negedge D:41799034800, negedge CKN &&& (flag == 1'b1):41799038000, limit: 5600 );


"./tsmc090.v", 9958: Timing violation in AAtb_top.cut.control_0.fast01.cap_cnt_reg_1_
    $setup( negedge D:42008034800, negedge CKN &&& (flag == 1'b1):42008036000, limit: 5600 );


"./tsmc090.v", 9958: Timing violation in AAtb_top.cut.control_0.fast01.cap_cnt_reg_1_
    $hold( negedge CKN &&& (flag == 1'b1):42217034000, negedge D:42217034800, limit: 4600 );


"./tsmc090.v", 9958: Timing violation in AAtb_top.cut.control_0.fast01.cap_cnt_reg_1_
    $hold( negedge CKN &&& (flag == 1'b1):42426032000, negedge D:42426034800, limit: 4600 );


"./tsmc090.v", 9958: Timing violation in AAtb_top.cut.control_0.fast01.cap_cnt_reg_1_
    $setup( negedge D:42559034800, negedge CKN &&& (flag == 1'b1):42559040000, limit: 5600 );


"./tsmc090.v", 9958: Timing violation in AAtb_top.cut.control_0.fast01.cap_cnt_reg_1_
    $setup( negedge D:43041034800, negedge CKN &&& (flag == 1'b1):43041035000, limit: 5600 );


"./tsmc090.v", 9958: Timing violation in AAtb_top.cut.control_0.fast01.cap_cnt_reg_1_
    $setup( negedge D:43193034800, negedge CKN &&& (flag == 1'b1):43193040000, limit: 5600 );


"./tsmc090.v", 9958: Timing violation in AAtb_top.cut.control_0.fast01.cap_cnt_reg_1_
    $hold( negedge CKN &&& (flag == 1'b1):43364033000, negedge D:43364034800, limit: 4600 );


"./tsmc090.v", 9958: Timing violation in AAtb_top.cut.control_0.fast01.cap_cnt_reg_1_
    $setup( negedge D:43516034800, negedge CKN &&& (flag == 1'b1):43516038000, limit: 5600 );


"./tsmc090.v", 9958: Timing violation in AAtb_top.cut.control_0.fast01.cap_cnt_reg_1_
    $hold( negedge CKN &&& (flag == 1'b1):43687031000, negedge D:43687034800, limit: 4600 );


"./tsmc090.v", 9958: Timing violation in AAtb_top.cut.control_0.fast01.cap_cnt_reg_1_
    $setup( negedge D:43839034800, negedge CKN &&& (flag == 1'b1):43839036000, limit: 5600 );


"./tsmc090.v", 9958: Timing violation in AAtb_top.cut.control_0.fast01.cap_cnt_reg_1_
    $hold( negedge CKN &&& (flag == 1'b1):44162034000, negedge D:44162034800, limit: 4600 );


"./tsmc090.v", 26300: Timing violation in AAtb_top.cut.b12_0.data_out_reg_0_
    $setup( negedge D:45703309800, posedge CK &&& (SandRandSEb == 1'b1):45703327000, limit: 17700 );


"./tsmc090.v", 9958: Timing violation in AAtb_top.cut.control_0.fast01.cap_cnt_reg_1_
    $setup( negedge D:45981034800, negedge CKN &&& (flag == 1'b1):45981037000, limit: 5600 );


"./tsmc090.v", 9958: Timing violation in AAtb_top.cut.control_0.fast01.cap_cnt_reg_1_
    $setup( negedge D:46304034800, negedge CKN &&& (flag == 1'b1):46304035000, limit: 5600 );


"./tsmc090.v", 9958: Timing violation in AAtb_top.cut.control_0.fast01.cap_cnt_reg_1_
    $setup( negedge D:46456034800, negedge CKN &&& (flag == 1'b1):46456040000, limit: 5600 );


"./tsmc090.v", 9958: Timing violation in AAtb_top.cut.control_0.fast01.cap_cnt_reg_1_
    $hold( negedge CKN &&& (flag == 1'b1):46627033000, negedge D:46627034800, limit: 4600 );


"./tsmc090.v", 9958: Timing violation in AAtb_top.cut.control_0.fast01.cap_cnt_reg_1_
    $setup( negedge D:46779034800, negedge CKN &&& (flag == 1'b1):46779038000, limit: 5600 );


"./tsmc090.v", 9958: Timing violation in AAtb_top.cut.control_0.fast01.cap_cnt_reg_1_
    $hold( negedge CKN &&& (flag == 1'b1):46950031000, negedge D:46950034800, limit: 4600 );


"./tsmc090.v", 9958: Timing violation in AAtb_top.cut.control_0.fast01.cap_cnt_reg_1_
    $setup( negedge D:47102034800, negedge CKN &&& (flag == 1'b1):47102036000, limit: 5600 );


"./tsmc090.v", 9958: Timing violation in AAtb_top.cut.control_0.fast01.cap_cnt_reg_1_
    $hold( negedge CKN &&& (flag == 1'b1):47549031000, negedge D:47549034800, limit: 4600 );


"./tsmc090.v", 9958: Timing violation in AAtb_top.cut.control_0.fast01.cap_cnt_reg_1_
    $setup( negedge D:47568034800, negedge CKN &&& (flag == 1'b1):47568036000, limit: 5600 );


"./tsmc090.v", 9958: Timing violation in AAtb_top.cut.control_0.fast01.cap_cnt_reg_1_
    $hold( negedge CKN &&& (flag == 1'b1):47948031000, negedge D:47948034800, limit: 4600 );


"./tsmc090.v", 9958: Timing violation in AAtb_top.cut.control_0.fast01.cap_cnt_reg_1_
    $setup( negedge D:47967034800, negedge CKN &&& (flag == 1'b1):47967036000, limit: 5600 );


"./tsmc090.v", 9958: Timing violation in AAtb_top.cut.control_0.fast01.cap_cnt_reg_1_
    $hold( negedge CKN &&& (flag == 1'b1):48347031000, negedge D:48347034800, limit: 4600 );


"./tsmc090.v", 9958: Timing violation in AAtb_top.cut.control_0.fast01.cap_cnt_reg_1_
    $setup( negedge D:48366034800, negedge CKN &&& (flag == 1'b1):48366036000, limit: 5600 );


"./tsmc090.v", 9958: Timing violation in AAtb_top.cut.control_0.fast01.cap_cnt_reg_1_
    $hold( negedge CKN &&& (flag == 1'b1):48746031000, negedge D:48746034800, limit: 4600 );


"./tsmc090.v", 9958: Timing violation in AAtb_top.cut.control_0.fast01.cap_cnt_reg_1_
    $setup( negedge D:48765034800, negedge CKN &&& (flag == 1'b1):48765036000, limit: 5600 );


"./tsmc090.v", 26300: Timing violation in AAtb_top.cut.b12_0.data_out_reg_1_
    $setup( negedge D:49394370100, posedge CK &&& (SandRandSEb == 1'b1):49394386500, limit: 17700 );

"./tsmc090.v", 26300: Timing violation in AAtb_top.cut.b12_0.data_out_reg_0_
    $setup( negedge D:49394370100, posedge CK &&& (SandRandSEb == 1'b1):49394386500, limit: 17700 );


"./tsmc090.v", 9958: Timing violation in AAtb_top.cut.control_0.fast01.cap_cnt_reg_1_
    $setup( negedge D:49551034800, negedge CKN &&& (flag == 1'b1):49551040000, limit: 5600 );


"./tsmc090.v", 9958: Timing violation in AAtb_top.cut.control_0.fast01.cap_cnt_reg_1_
    $setup( negedge D:49703034800, negedge CKN &&& (flag == 1'b1):49703039000, limit: 5600 );


"./tsmc090.v", 26300: Timing violation in AAtb_top.cut.b12_0.data_out_reg_1_
    $setup( negedge D:49850367100, posedge CK &&& (SandRandSEb == 1'b1):49850383500, limit: 17700 );


"./tsmc090.v", 9958: Timing violation in AAtb_top.cut.control_0.fast01.cap_cnt_reg_1_
    $setup( negedge D:49855034800, negedge CKN &&& (flag == 1'b1):49855038000, limit: 5600 );


"./tsmc090.v", 9958: Timing violation in AAtb_top.cut.control_0.fast01.cap_cnt_reg_1_
    $setup( negedge D:50007034800, negedge CKN &&& (flag == 1'b1):50007037000, limit: 5600 );


"./tsmc090.v", 9958: Timing violation in AAtb_top.cut.control_0.fast01.cap_cnt_reg_1_
    $setup( negedge D:50159034800, negedge CKN &&& (flag == 1'b1):50159036000, limit: 5600 );


"./tsmc090.v", 9958: Timing violation in AAtb_top.cut.control_0.fast01.cap_cnt_reg_1_
    $setup( negedge D:50311034800, negedge CKN &&& (flag == 1'b1):50311035000, limit: 5600 );


"./tsmc090.v", 9958: Timing violation in AAtb_top.cut.control_0.fast01.cap_cnt_reg_1_
    $hold( negedge CKN &&& (flag == 1'b1):50463034000, negedge D:50463034800, limit: 4600 );


"./tsmc090.v", 26300: Timing violation in AAtb_top.cut.b12_0.data_out_reg_0_
    $setup( negedge D:50534316300, posedge CK &&& (SandRandSEb == 1'b1):50534330500, limit: 17700 );


"./tsmc090.v", 9958: Timing violation in AAtb_top.cut.control_0.fast01.cap_cnt_reg_1_
    $hold( negedge CKN &&& (flag == 1'b1):50615033000, negedge D:50615034800, limit: 4600 );


"./tsmc090.v", 9958: Timing violation in AAtb_top.cut.control_0.fast01.cap_cnt_reg_1_
    $hold( negedge CKN &&& (flag == 1'b1):50767032000, negedge D:50767034800, limit: 4600 );


"./tsmc090.v", 9958: Timing violation in AAtb_top.cut.control_0.fast01.cap_cnt_reg_1_
    $hold( negedge CKN &&& (flag == 1'b1):50869030500, negedge D:50869034800, limit: 4600 );


"./tsmc090.v", 9958: Timing violation in AAtb_top.cut.control_0.fast01.cap_cnt_reg_1_
    $setup( negedge D:51059034800, negedge CKN &&& (flag == 1'b1):51059038500, limit: 5600 );


"./tsmc090.v", 9958: Timing violation in AAtb_top.cut.control_0.fast01.cap_cnt_reg_1_
    $hold( negedge CKN &&& (flag == 1'b1):51116030500, negedge D:51116034800, limit: 4600 );


"./tsmc090.v", 9958: Timing violation in AAtb_top.cut.control_0.fast01.cap_cnt_reg_1_
    $setup( negedge D:51306034800, negedge CKN &&& (flag == 1'b1):51306038500, limit: 5600 );


"./tsmc090.v", 9958: Timing violation in AAtb_top.cut.control_0.fast01.cap_cnt_reg_1_
    $hold( negedge CKN &&& (flag == 1'b1):51363030500, negedge D:51363034800, limit: 4600 );


"./tsmc090.v", 9958: Timing violation in AAtb_top.cut.control_0.fast01.cap_cnt_reg_1_
    $setup( negedge D:51553034800, negedge CKN &&& (flag == 1'b1):51553038500, limit: 5600 );


"./tsmc090.v", 9958: Timing violation in AAtb_top.cut.control_0.fast01.cap_cnt_reg_1_
    $hold( negedge CKN &&& (flag == 1'b1):51610030500, negedge D:51610034800, limit: 4600 );


"./tsmc090.v", 9958: Timing violation in AAtb_top.cut.control_0.fast01.cap_cnt_reg_1_
    $setup( negedge D:51800034800, negedge CKN &&& (flag == 1'b1):51800038500, limit: 5600 );


"./tsmc090.v", 9958: Timing violation in AAtb_top.cut.control_0.fast01.cap_cnt_reg_1_
    $hold( negedge CKN &&& (flag == 1'b1):51857030500, negedge D:51857034800, limit: 4600 );


"./tsmc090.v", 9958: Timing violation in AAtb_top.cut.control_0.fast01.cap_cnt_reg_1_
    $setup( negedge D:52047034800, negedge CKN &&& (flag == 1'b1):52047038500, limit: 5600 );


"./tsmc090.v", 9958: Timing violation in AAtb_top.cut.control_0.fast01.cap_cnt_reg_1_
    $hold( negedge CKN &&& (flag == 1'b1):52104030500, negedge D:52104034800, limit: 4600 );


"./tsmc090.v", 9958: Timing violation in AAtb_top.cut.control_0.fast01.cap_cnt_reg_1_
    $setup( negedge D:52294034800, negedge CKN &&& (flag == 1'b1):52294038500, limit: 5600 );


"./tsmc090.v", 9958: Timing violation in AAtb_top.cut.control_0.fast01.cap_cnt_reg_1_
    $hold( negedge CKN &&& (flag == 1'b1):52351030500, negedge D:52351034800, limit: 4600 );


"./tsmc090.v", 9958: Timing violation in AAtb_top.cut.control_0.fast01.cap_cnt_reg_1_
    $setup( negedge D:52541034800, negedge CKN &&& (flag == 1'b1):52541038500, limit: 5600 );


"./tsmc090.v", 9958: Timing violation in AAtb_top.cut.control_0.fast01.cap_cnt_reg_1_
    $setup( negedge D:52605034800, negedge CKN &&& (flag == 1'b1):52605037000, limit: 5600 );


"./tsmc090.v", 9958: Timing violation in AAtb_top.cut.control_0.fast01.cap_cnt_reg_1_
    $hold( negedge CKN &&& (flag == 1'b1):52852031000, negedge D:52852034800, limit: 4600 );


"./tsmc090.v", 9958: Timing violation in AAtb_top.cut.control_0.fast01.cap_cnt_reg_1_
    $setup( negedge D:52890034800, negedge CKN &&& (flag == 1'b1):52890038000, limit: 5600 );


"./tsmc090.v", 9958: Timing violation in AAtb_top.cut.control_0.fast01.cap_cnt_reg_1_
    $hold( negedge CKN &&& (flag == 1'b1):53137032000, negedge D:53137034800, limit: 4600 );


"./tsmc090.v", 9958: Timing violation in AAtb_top.cut.control_0.fast01.cap_cnt_reg_1_
    $setup( negedge D:53175034800, negedge CKN &&& (flag == 1'b1):53175039000, limit: 5600 );


"./tsmc090.v", 9958: Timing violation in AAtb_top.cut.control_0.fast01.cap_cnt_reg_1_
    $hold( negedge CKN &&& (flag == 1'b1):53422033000, negedge D:53422034800, limit: 4600 );


"./tsmc090.v", 9958: Timing violation in AAtb_top.cut.control_0.fast01.cap_cnt_reg_1_
    $setup( negedge D:53460034800, negedge CKN &&& (flag == 1'b1):53460040000, limit: 5600 );


"./tsmc090.v", 9958: Timing violation in AAtb_top.cut.control_0.fast01.cap_cnt_reg_1_
    $hold( negedge CKN &&& (flag == 1'b1):53707034000, negedge D:53707034800, limit: 4600 );


"./tsmc090.v", 9958: Timing violation in AAtb_top.cut.control_0.fast01.cap_cnt_reg_1_
    $setup( negedge D:53992034800, negedge CKN &&& (flag == 1'b1):53992035000, limit: 5600 );


"./tsmc090.v", 9958: Timing violation in AAtb_top.cut.control_0.fast01.cap_cnt_reg_1_
    $setup( negedge D:54277034800, negedge CKN &&& (flag == 1'b1):54277036000, limit: 5600 );


"./tsmc090.v", 9958: Timing violation in AAtb_top.cut.control_0.fast01.cap_cnt_reg_1_
    $hold( negedge CKN &&& (flag == 1'b1):54398032000, negedge D:54398034800, limit: 4600 );


"./tsmc090.v", 9958: Timing violation in AAtb_top.cut.control_0.fast01.cap_cnt_reg_1_
    $setup( negedge D:54531034800, negedge CKN &&& (flag == 1'b1):54531040000, limit: 5600 );


"./tsmc090.v", 9958: Timing violation in AAtb_top.cut.control_0.fast01.cap_cnt_reg_1_
    $setup( negedge D:54740034800, negedge CKN &&& (flag == 1'b1):54740038000, limit: 5600 );


"./tsmc090.v", 9958: Timing violation in AAtb_top.cut.control_0.fast01.cap_cnt_reg_1_
    $setup( negedge D:54949034800, negedge CKN &&& (flag == 1'b1):54949036000, limit: 5600 );


"./tsmc090.v", 9958: Timing violation in AAtb_top.cut.control_0.fast01.cap_cnt_reg_1_
    $hold( negedge CKN &&& (flag == 1'b1):55158034000, negedge D:55158034800, limit: 4600 );


"./tsmc090.v", 9958: Timing violation in AAtb_top.cut.control_0.fast01.cap_cnt_reg_1_
    $hold( negedge CKN &&& (flag == 1'b1):55367032000, negedge D:55367034800, limit: 4600 );


"./tsmc090.v", 9958: Timing violation in AAtb_top.cut.control_0.fast01.cap_cnt_reg_1_
    $setup( negedge D:55500034800, negedge CKN &&& (flag == 1'b1):55500040000, limit: 5600 );


"./tsmc090.v", 9958: Timing violation in AAtb_top.cut.control_0.fast01.cap_cnt_reg_1_
    $setup( negedge D:55709034800, negedge CKN &&& (flag == 1'b1):55709038000, limit: 5600 );


"./tsmc090.v", 9958: Timing violation in AAtb_top.cut.control_0.fast01.cap_cnt_reg_1_
    $setup( negedge D:55918034800, negedge CKN &&& (flag == 1'b1):55918036000, limit: 5600 );


"./tsmc090.v", 9958: Timing violation in AAtb_top.cut.control_0.fast01.cap_cnt_reg_1_
    $hold( negedge CKN &&& (flag == 1'b1):56286033500, negedge D:56286034800, limit: 4600 );


"./tsmc090.v", 9958: Timing violation in AAtb_top.cut.control_0.fast01.cap_cnt_reg_1_
    $setup( negedge D:56438034800, negedge CKN &&& (flag == 1'b1):56438038500, limit: 5600 );


"./tsmc090.v", 9958: Timing violation in AAtb_top.cut.control_0.fast01.cap_cnt_reg_1_
    $hold( negedge CKN &&& (flag == 1'b1):56609031500, negedge D:56609034800, limit: 4600 );


"./tsmc090.v", 9958: Timing violation in AAtb_top.cut.control_0.fast01.cap_cnt_reg_1_
    $setup( negedge D:56761034800, negedge CKN &&& (flag == 1'b1):56761036500, limit: 5600 );


"./tsmc090.v", 9958: Timing violation in AAtb_top.cut.control_0.fast01.cap_cnt_reg_1_
    $hold( negedge CKN &&& (flag == 1'b1):57084034500, negedge D:57084034800, limit: 4600 );


"./tsmc090.v", 9958: Timing violation in AAtb_top.cut.control_0.fast01.cap_cnt_reg_1_
    $setup( negedge D:57236034800, negedge CKN &&& (flag == 1'b1):57236039500, limit: 5600 );


"./tsmc090.v", 9958: Timing violation in AAtb_top.cut.control_0.fast01.cap_cnt_reg_1_
    $hold( negedge CKN &&& (flag == 1'b1):57407032500, negedge D:57407034800, limit: 4600 );


"./tsmc090.v", 9958: Timing violation in AAtb_top.cut.control_0.fast01.cap_cnt_reg_1_
    $setup( negedge D:57559034800, negedge CKN &&& (flag == 1'b1):57559037500, limit: 5600 );


"./tsmc090.v", 9958: Timing violation in AAtb_top.cut.control_0.fast01.cap_cnt_reg_1_
    $hold( negedge CKN &&& (flag == 1'b1):57730030500, negedge D:57730034800, limit: 4600 );


"./tsmc090.v", 26300: Timing violation in AAtb_top.cut.b12_0.data_out_reg_0_
    $setup( negedge D:59214341800, posedge CK &&& (SandRandSEb == 1'b1):59214359000, limit: 17700 );


"./tsmc090.v", 9958: Timing violation in AAtb_top.cut.control_0.fast01.cap_cnt_reg_1_
    $hold( negedge CKN &&& (flag == 1'b1):59739033500, negedge D:59739034800, limit: 4600 );


"./tsmc090.v", 9958: Timing violation in AAtb_top.cut.control_0.fast01.cap_cnt_reg_1_
    $setup( negedge D:59891034800, negedge CKN &&& (flag == 1'b1):59891038500, limit: 5600 );


"./tsmc090.v", 9958: Timing violation in AAtb_top.cut.control_0.fast01.cap_cnt_reg_1_
    $hold( negedge CKN &&& (flag == 1'b1):60062031500, negedge D:60062034800, limit: 4600 );


"./tsmc090.v", 9958: Timing violation in AAtb_top.cut.control_0.fast01.cap_cnt_reg_1_
    $setup( negedge D:60214034800, negedge CKN &&& (flag == 1'b1):60214036500, limit: 5600 );


"./tsmc090.v", 9958: Timing violation in AAtb_top.cut.control_0.fast01.cap_cnt_reg_1_
    $hold( negedge CKN &&& (flag == 1'b1):60537034500, negedge D:60537034800, limit: 4600 );


"./tsmc090.v", 9958: Timing violation in AAtb_top.cut.control_0.fast01.cap_cnt_reg_1_
    $setup( negedge D:60689034800, negedge CKN &&& (flag == 1'b1):60689039500, limit: 5600 );


"./tsmc090.v", 9958: Timing violation in AAtb_top.cut.control_0.fast01.cap_cnt_reg_1_
    $hold( negedge CKN &&& (flag == 1'b1):60860032500, negedge D:60860034800, limit: 4600 );


"./tsmc090.v", 9958: Timing violation in AAtb_top.cut.control_0.fast01.cap_cnt_reg_1_
    $setup( negedge D:61012034800, negedge CKN &&& (flag == 1'b1):61012037500, limit: 5600 );


"./tsmc090.v", 9958: Timing violation in AAtb_top.cut.control_0.fast01.cap_cnt_reg_1_
    $hold( negedge CKN &&& (flag == 1'b1):61183030500, negedge D:61183034800, limit: 4600 );


"./tsmc090.v", 9958: Timing violation in AAtb_top.cut.control_0.fast01.cap_cnt_reg_1_
    $hold( negedge CKN &&& (flag == 1'b1):61402034500, negedge D:61402034800, limit: 4600 );


"./tsmc090.v", 9958: Timing violation in AAtb_top.cut.control_0.fast01.cap_cnt_reg_1_
    $setup( negedge D:61421034800, negedge CKN &&& (flag == 1'b1):61421039500, limit: 5600 );


"./tsmc090.v", 9958: Timing violation in AAtb_top.cut.control_0.fast01.cap_cnt_reg_1_
    $hold( negedge CKN &&& (flag == 1'b1):61801034500, negedge D:61801034800, limit: 4600 );


"./tsmc090.v", 9958: Timing violation in AAtb_top.cut.control_0.fast01.cap_cnt_reg_1_
    $setup( negedge D:61820034800, negedge CKN &&& (flag == 1'b1):61820039500, limit: 5600 );


"./tsmc090.v", 9958: Timing violation in AAtb_top.cut.control_0.fast01.cap_cnt_reg_1_
    $hold( negedge CKN &&& (flag == 1'b1):62200034500, negedge D:62200034800, limit: 4600 );


"./tsmc090.v", 9958: Timing violation in AAtb_top.cut.control_0.fast01.cap_cnt_reg_1_
    $setup( negedge D:62219034800, negedge CKN &&& (flag == 1'b1):62219039500, limit: 5600 );


"./tsmc090.v", 9958: Timing violation in AAtb_top.cut.control_0.fast01.cap_cnt_reg_1_
    $hold( negedge CKN &&& (flag == 1'b1):62599034500, negedge D:62599034800, limit: 4600 );


"./tsmc090.v", 9958: Timing violation in AAtb_top.cut.control_0.fast01.cap_cnt_reg_1_
    $setup( negedge D:62618034800, negedge CKN &&& (flag == 1'b1):62618039500, limit: 5600 );


"./tsmc090.v", 9958: Timing violation in AAtb_top.cut.control_0.fast01.cap_cnt_reg_1_
    $hold( negedge CKN &&& (flag == 1'b1):62998034500, negedge D:62998034800, limit: 4600 );


"./tsmc090.v", 9958: Timing violation in AAtb_top.cut.control_0.fast01.cap_cnt_reg_1_
    $setup( negedge D:63017034800, negedge CKN &&& (flag == 1'b1):63017039500, limit: 5600 );


"./tsmc090.v", 26300: Timing violation in AAtb_top.cut.b12_0.data_out_reg_1_
    $setup( negedge D:63475332600, posedge CK &&& (SandRandSEb == 1'b1):63475349000, limit: 17700 );

"./tsmc090.v", 26300: Timing violation in AAtb_top.cut.b12_0.data_out_reg_0_
    $setup( negedge D:63475332600, posedge CK &&& (SandRandSEb == 1'b1):63475349000, limit: 17700 );


"./tsmc090.v", 9958: Timing violation in AAtb_top.cut.control_0.fast01.cap_cnt_reg_1_
    $setup( negedge D:63537034800, negedge CKN &&& (flag == 1'b1):63537039500, limit: 5600 );


"./tsmc090.v", 9958: Timing violation in AAtb_top.cut.control_0.fast01.cap_cnt_reg_1_
    $setup( negedge D:63689034800, negedge CKN &&& (flag == 1'b1):63689038500, limit: 5600 );


"./tsmc090.v", 9958: Timing violation in AAtb_top.cut.control_0.fast01.cap_cnt_reg_1_
    $setup( negedge D:63841034800, negedge CKN &&& (flag == 1'b1):63841037500, limit: 5600 );


"./tsmc090.v", 26300: Timing violation in AAtb_top.cut.b12_0.data_out_reg_1_
    $setup( negedge D:63931329600, posedge CK &&& (SandRandSEb == 1'b1):63931346000, limit: 17700 );


"./tsmc090.v", 9958: Timing violation in AAtb_top.cut.control_0.fast01.cap_cnt_reg_1_
    $setup( negedge D:63993034800, negedge CKN &&& (flag == 1'b1):63993036500, limit: 5600 );


"./tsmc090.v", 9958: Timing violation in AAtb_top.cut.control_0.fast01.cap_cnt_reg_1_
    $setup( negedge D:64145034800, negedge CKN &&& (flag == 1'b1):64145035500, limit: 5600 );


"./tsmc090.v", 9958: Timing violation in AAtb_top.cut.control_0.fast01.cap_cnt_reg_1_
    $hold( negedge CKN &&& (flag == 1'b1):64297034500, negedge D:64297034800, limit: 4600 );


"./tsmc090.v", 9958: Timing violation in AAtb_top.cut.control_0.fast01.cap_cnt_reg_1_
    $hold( negedge CKN &&& (flag == 1'b1):64449033500, negedge D:64449034800, limit: 4600 );


"./tsmc090.v", 9958: Timing violation in AAtb_top.cut.control_0.fast01.cap_cnt_reg_1_
    $hold( negedge CKN &&& (flag == 1'b1):64601032500, negedge D:64601034800, limit: 4600 );


"./tsmc090.v", 26300: Timing violation in AAtb_top.cut.b12_0.data_out_reg_0_
    $setup( negedge D:64615375800, posedge CK &&& (SandRandSEb == 1'b1):64615390000, limit: 17700 );


"./tsmc090.v", 9958: Timing violation in AAtb_top.cut.control_0.fast01.cap_cnt_reg_1_
    $hold( negedge CKN &&& (flag == 1'b1):64753031500, negedge D:64753034800, limit: 4600 );


"./tsmc090.v", 9958: Timing violation in AAtb_top.cut.control_0.fast01.cap_cnt_reg_1_
    $hold( negedge CKN &&& (flag == 1'b1):64905030500, negedge D:64905034800, limit: 4600 );


"./tsmc090.v", 9958: Timing violation in AAtb_top.cut.control_0.fast01.cap_cnt_reg_1_
    $setup( negedge D:65216034800, negedge CKN &&& (flag == 1'b1):65216040000, limit: 5600 );


"./tsmc090.v", 9958: Timing violation in AAtb_top.cut.control_0.fast01.cap_cnt_reg_1_
    $hold( negedge CKN &&& (flag == 1'b1):65273032000, negedge D:65273034800, limit: 4600 );


"./tsmc090.v", 9958: Timing violation in AAtb_top.cut.control_0.fast01.cap_cnt_reg_1_
    $setup( negedge D:65463034800, negedge CKN &&& (flag == 1'b1):65463040000, limit: 5600 );


"./tsmc090.v", 9958: Timing violation in AAtb_top.cut.control_0.fast01.cap_cnt_reg_1_
    $hold( negedge CKN &&& (flag == 1'b1):65520032000, negedge D:65520034800, limit: 4600 );


"./tsmc090.v", 9958: Timing violation in AAtb_top.cut.control_0.fast01.cap_cnt_reg_1_
    $setup( negedge D:65710034800, negedge CKN &&& (flag == 1'b1):65710040000, limit: 5600 );


"./tsmc090.v", 9958: Timing violation in AAtb_top.cut.control_0.fast01.cap_cnt_reg_1_
    $hold( negedge CKN &&& (flag == 1'b1):65767032000, negedge D:65767034800, limit: 4600 );


"./tsmc090.v", 9958: Timing violation in AAtb_top.cut.control_0.fast01.cap_cnt_reg_1_
    $setup( negedge D:65957034800, negedge CKN &&& (flag == 1'b1):65957040000, limit: 5600 );


"./tsmc090.v", 9958: Timing violation in AAtb_top.cut.control_0.fast01.cap_cnt_reg_1_
    $hold( negedge CKN &&& (flag == 1'b1):66014032000, negedge D:66014034800, limit: 4600 );


"./tsmc090.v", 9958: Timing violation in AAtb_top.cut.control_0.fast01.cap_cnt_reg_1_
    $setup( negedge D:66204034800, negedge CKN &&& (flag == 1'b1):66204040000, limit: 5600 );


"./tsmc090.v", 9958: Timing violation in AAtb_top.cut.control_0.fast01.cap_cnt_reg_1_
    $hold( negedge CKN &&& (flag == 1'b1):66261032000, negedge D:66261034800, limit: 4600 );


"./tsmc090.v", 9958: Timing violation in AAtb_top.cut.control_0.fast01.cap_cnt_reg_1_
    $setup( negedge D:66451034800, negedge CKN &&& (flag == 1'b1):66451040000, limit: 5600 );


"./tsmc090.v", 9958: Timing violation in AAtb_top.cut.control_0.fast01.cap_cnt_reg_1_
    $hold( negedge CKN &&& (flag == 1'b1):66508032000, negedge D:66508034800, limit: 4600 );


"./tsmc090.v", 9958: Timing violation in AAtb_top.cut.control_0.fast01.cap_cnt_reg_1_
    $setup( negedge D:66698034800, negedge CKN &&& (flag == 1'b1):66698040000, limit: 5600 );


"./tsmc090.v", 9958: Timing violation in AAtb_top.cut.control_0.fast01.cap_cnt_reg_1_
    $hold( negedge CKN &&& (flag == 1'b1):66755032000, negedge D:66755034800, limit: 4600 );


"./tsmc090.v", 9958: Timing violation in AAtb_top.cut.control_0.fast01.cap_cnt_reg_1_
    $setup( negedge D:66945034800, negedge CKN &&& (flag == 1'b1):66945040000, limit: 5600 );


"./tsmc090.v", 9958: Timing violation in AAtb_top.cut.control_0.fast01.cap_cnt_reg_1_
    $hold( negedge CKN &&& (flag == 1'b1):67002032000, negedge D:67002034800, limit: 4600 );


"./tsmc090.v", 9958: Timing violation in AAtb_top.cut.control_0.fast01.cap_cnt_reg_1_
    $hold( negedge CKN &&& (flag == 1'b1):67066030500, negedge D:67066034800, limit: 4600 );


"./tsmc090.v", 9958: Timing violation in AAtb_top.cut.control_0.fast01.cap_cnt_reg_1_
    $setup( negedge D:67104034800, negedge CKN &&& (flag == 1'b1):67104037500, limit: 5600 );


"./tsmc090.v", 9958: Timing violation in AAtb_top.cut.control_0.fast01.cap_cnt_reg_1_
    $hold( negedge CKN &&& (flag == 1'b1):67351031500, negedge D:67351034800, limit: 4600 );


"./tsmc090.v", 9958: Timing violation in AAtb_top.cut.control_0.fast01.cap_cnt_reg_1_
    $setup( negedge D:67389034800, negedge CKN &&& (flag == 1'b1):67389038500, limit: 5600 );


"./tsmc090.v", 9958: Timing violation in AAtb_top.cut.control_0.fast01.cap_cnt_reg_1_
    $hold( negedge CKN &&& (flag == 1'b1):67636032500, negedge D:67636034800, limit: 4600 );


"./tsmc090.v", 9958: Timing violation in AAtb_top.cut.control_0.fast01.cap_cnt_reg_1_
    $setup( negedge D:67674034800, negedge CKN &&& (flag == 1'b1):67674039500, limit: 5600 );


"./tsmc090.v", 9958: Timing violation in AAtb_top.cut.control_0.fast01.cap_cnt_reg_1_
    $hold( negedge CKN &&& (flag == 1'b1):67921033500, negedge D:67921034800, limit: 4600 );


"./tsmc090.v", 9958: Timing violation in AAtb_top.cut.control_0.fast01.cap_cnt_reg_1_
    $hold( negedge CKN &&& (flag == 1'b1):68206034500, negedge D:68206034800, limit: 4600 );


"./tsmc090.v", 9958: Timing violation in AAtb_top.cut.control_0.fast01.cap_cnt_reg_1_
    $setup( negedge D:68491034800, negedge CKN &&& (flag == 1'b1):68491035500, limit: 5600 );


"./tsmc090.v", 9958: Timing violation in AAtb_top.cut.control_0.fast01.cap_cnt_reg_1_
    $setup( negedge D:68776034800, negedge CKN &&& (flag == 1'b1):68776036500, limit: 5600 );


"./tsmc090.v", 9958: Timing violation in AAtb_top.cut.control_0.fast01.cap_cnt_reg_1_
    $hold( negedge CKN &&& (flag == 1'b1):69068032000, negedge D:69068034800, limit: 4600 );


"./tsmc090.v", 9958: Timing violation in AAtb_top.cut.control_0.fast01.cap_cnt_reg_1_
    $setup( negedge D:69201034800, negedge CKN &&& (flag == 1'b1):69201040000, limit: 5600 );


"./tsmc090.v", 9958: Timing violation in AAtb_top.cut.control_0.fast01.cap_cnt_reg_1_
    $setup( negedge D:69410034800, negedge CKN &&& (flag == 1'b1):69410038000, limit: 5600 );


"./tsmc090.v", 9958: Timing violation in AAtb_top.cut.control_0.fast01.cap_cnt_reg_1_
    $setup( negedge D:69619034800, negedge CKN &&& (flag == 1'b1):69619036000, limit: 5600 );


"./tsmc090.v", 9958: Timing violation in AAtb_top.cut.control_0.fast01.cap_cnt_reg_1_
    $hold( negedge CKN &&& (flag == 1'b1):69828034000, negedge D:69828034800, limit: 4600 );


"./tsmc090.v", 9958: Timing violation in AAtb_top.cut.control_0.fast01.cap_cnt_reg_1_
    $hold( negedge CKN &&& (flag == 1'b1):70037032000, negedge D:70037034800, limit: 4600 );


"./tsmc090.v", 9958: Timing violation in AAtb_top.cut.control_0.fast01.cap_cnt_reg_1_
    $setup( negedge D:70170034800, negedge CKN &&& (flag == 1'b1):70170040000, limit: 5600 );


"./tsmc090.v", 9958: Timing violation in AAtb_top.cut.control_0.fast01.cap_cnt_reg_1_
    $setup( negedge D:70379034800, negedge CKN &&& (flag == 1'b1):70379038000, limit: 5600 );


"./tsmc090.v", 9958: Timing violation in AAtb_top.cut.control_0.fast01.cap_cnt_reg_1_
    $setup( negedge D:70588034800, negedge CKN &&& (flag == 1'b1):70588036000, limit: 5600 );


"./tsmc090.v", 9958: Timing violation in AAtb_top.cut.control_0.fast01.cap_cnt_reg_1_
    $hold( negedge CKN &&& (flag == 1'b1):70797034000, negedge D:70797034800, limit: 4600 );


"./tsmc090.v", 9958: Timing violation in AAtb_top.cut.control_0.fast01.cap_cnt_reg_1_
    $hold( negedge CKN &&& (flag == 1'b1):71051034000, negedge D:71051034800, limit: 4600 );


"./tsmc090.v", 9958: Timing violation in AAtb_top.cut.control_0.fast01.cap_cnt_reg_1_
    $setup( negedge D:71203034800, negedge CKN &&& (flag == 1'b1):71203039000, limit: 5600 );


"./tsmc090.v", 9958: Timing violation in AAtb_top.cut.control_0.fast01.cap_cnt_reg_1_
    $hold( negedge CKN &&& (flag == 1'b1):71374032000, negedge D:71374034800, limit: 4600 );


"./tsmc090.v", 9958: Timing violation in AAtb_top.cut.control_0.fast01.cap_cnt_reg_1_
    $setup( negedge D:71526034800, negedge CKN &&& (flag == 1'b1):71526037000, limit: 5600 );


"./tsmc090.v", 9958: Timing violation in AAtb_top.cut.control_0.fast01.cap_cnt_reg_1_
    $setup( negedge D:71849034800, negedge CKN &&& (flag == 1'b1):71849035000, limit: 5600 );


"./tsmc090.v", 9958: Timing violation in AAtb_top.cut.control_0.fast01.cap_cnt_reg_1_
    $setup( negedge D:72001034800, negedge CKN &&& (flag == 1'b1):72001040000, limit: 5600 );


"./tsmc090.v", 9958: Timing violation in AAtb_top.cut.control_0.fast01.cap_cnt_reg_1_
    $hold( negedge CKN &&& (flag == 1'b1):72172033000, negedge D:72172034800, limit: 4600 );


"./tsmc090.v", 9958: Timing violation in AAtb_top.cut.control_0.fast01.cap_cnt_reg_1_
    $setup( negedge D:72324034800, negedge CKN &&& (flag == 1'b1):72324038000, limit: 5600 );


"./tsmc090.v", 9958: Timing violation in AAtb_top.cut.control_0.fast01.cap_cnt_reg_1_
    $hold( negedge CKN &&& (flag == 1'b1):72495031000, negedge D:72495034800, limit: 4600 );


"./tsmc090.v", 9958: Timing violation in AAtb_top.cut.control_0.fast01.cap_cnt_reg_1_
    $setup( negedge D:72647034800, negedge CKN &&& (flag == 1'b1):72647036000, limit: 5600 );


"./tsmc090.v", 26300: Timing violation in AAtb_top.cut.b12_0.data_out_reg_0_
    $setup( negedge D:74245376300, posedge CK &&& (SandRandSEb == 1'b1):74245393500, limit: 17700 );


"./tsmc090.v", 9958: Timing violation in AAtb_top.cut.control_0.fast01.cap_cnt_reg_1_
    $setup( negedge D:74846034800, negedge CKN &&& (flag == 1'b1):74846039000, limit: 5600 );


"./tsmc090.v", 9958: Timing violation in AAtb_top.cut.control_0.fast01.cap_cnt_reg_1_
    $hold( negedge CKN &&& (flag == 1'b1):75017032000, negedge D:75017034800, limit: 4600 );


"./tsmc090.v", 9958: Timing violation in AAtb_top.cut.control_0.fast01.cap_cnt_reg_1_
    $setup( negedge D:75169034800, negedge CKN &&& (flag == 1'b1):75169037000, limit: 5600 );


"./tsmc090.v", 9958: Timing violation in AAtb_top.cut.control_0.fast01.cap_cnt_reg_1_
    $setup( negedge D:75492034800, negedge CKN &&& (flag == 1'b1):75492035000, limit: 5600 );


"./tsmc090.v", 9958: Timing violation in AAtb_top.cut.control_0.fast01.cap_cnt_reg_1_
    $setup( negedge D:75644034800, negedge CKN &&& (flag == 1'b1):75644040000, limit: 5600 );


"./tsmc090.v", 9958: Timing violation in AAtb_top.cut.control_0.fast01.cap_cnt_reg_1_
    $hold( negedge CKN &&& (flag == 1'b1):75815033000, negedge D:75815034800, limit: 4600 );


"./tsmc090.v", 9958: Timing violation in AAtb_top.cut.control_0.fast01.cap_cnt_reg_1_
    $setup( negedge D:75967034800, negedge CKN &&& (flag == 1'b1):75967038000, limit: 5600 );


"./tsmc090.v", 9958: Timing violation in AAtb_top.cut.control_0.fast01.cap_cnt_reg_1_
    $hold( negedge CKN &&& (flag == 1'b1):76138031000, negedge D:76138034800, limit: 4600 );


"./tsmc090.v", 9958: Timing violation in AAtb_top.cut.control_0.fast01.cap_cnt_reg_1_
    $setup( negedge D:76290034800, negedge CKN &&& (flag == 1'b1):76290036000, limit: 5600 );


"./tsmc090.v", 9958: Timing violation in AAtb_top.cut.control_0.fast01.cap_cnt_reg_1_
    $hold( negedge CKN &&& (flag == 1'b1):76613034000, negedge D:76613034800, limit: 4600 );

$finish called from file "top_t_gl.v", line 183.
$finish at simulation time          76662026700
           V C S   S i m u l a t i o n   R e p o r t 
Time: 766620267000 fs
CPU Time:     94.520 seconds;       Data structure size:   0.6Mb
Fri Oct 14 20:18:12 2022
CPU time: 4.531 seconds to compile + .738 seconds to elab + 1.172 seconds to link + 94.562 seconds in simulation
