 
****************************************
Report : reference
Design : b12
Version: R-2020.09-SP5
Date   : Mon Jul  4 11:09:17 2022
****************************************

Attributes:
    b - black box (unknown)
   bo - allows boundary optimization
    d - dont_touch
   mo - map_only
    h - hierarchical
    n - noncombinational
    r - removable
    s - synthetic operator
    u - contains unmapped logic

Reference          Library       Unit Area   Count    Total Area   Attributes
-----------------------------------------------------------------------------
AND2X2             slow           3.528000       1      3.528000  
AND2X4             slow           5.644800       1      5.644800  
AND2X6             slow           7.056000       2     14.112000  
AND2XL             slow           3.528000       1      3.528000  
AO2B2X2            slow           7.056000       4     28.224001  
AO2B2X4            slow           7.761600       2     15.523200  
AO2B2XL            slow           7.056000       2     14.112000  
AO21X2             slow           4.939200       2      9.878400  
AO21XL             slow           4.939200       1      4.939200  
AO22X2             slow           5.644800       2     11.289600  
AO22XL             slow           5.644800       2     11.289600  
AOI2BB1X2          slow           4.233600       2      8.467200  
AOI2BB1X4          slow           6.350400       2     12.700800  
AOI2BB1XL          slow           4.233600       1      4.233600  
AOI2BB2X1          slow           5.644800       1      5.644800  
AOI2BB2X2          slow           5.644800       1      5.644800  
AOI21BX2           slow           5.644800       1      5.644800  
AOI21X1            slow           3.528000      17     59.976002  
AOI22XL            slow           4.233600      35    148.176005  
AOI31XL            slow           4.233600       1      4.233600  
AOI33X2            slow           6.350400       2     12.700800  
AOI33XL            slow           6.350400       2     12.700800  
AOI211X1           slow           4.233600       1      4.233600  
AOI211X2           slow           4.233600       2      8.467200  
AOI211XL           slow           4.233600       2      8.467200  
BUFX2              slow           2.822400       9     25.401601  
CLKINVX1           slow           2.116800       1      2.116800  
CLKINVX2           slow           2.116800      11     23.284801  
CLKINVX3           slow           2.822400       2      5.644800  
CLKINVX4           slow           2.822400       4     11.289600  
CLKINVX6           slow           4.233600       2      8.467200  
CLKINVX12          slow           6.350400       1      6.350400  
CLKMX2X2           slow           7.056000       2     14.112000  
CLKNAND2X2         slow           2.822400       6     16.934401  
DFFRHQX1           slow          19.051201       1     19.051201  n
DFFRHQX2           slow          19.051201      11    209.563210  n
DFFRHQX4           slow          23.990400       9    215.913603  n
DFFRQX1            slow          15.523200       3     46.569600  n
DFFRQX2            slow          15.523200      86   1334.995203  n
DFFRQXL            slow          15.523200       1     15.523200  n
DFFRX1             slow          16.934401      10    169.344006  n
INVX1              slow           2.116800       4      8.467200  
INVX2              slow           2.116800      79    167.227206  
INVX3              slow           2.822400       7     19.756801  
INVX4              slow           2.822400      14     39.513601  
INVX5              slow           3.528000       1      3.528000  
INVX6              slow           4.233600       1      4.233600  
INVXL              slow           2.116800      21     44.452801  
MX2X1              slow           6.350400       6     38.102400  
MX2X2              slow           7.056000       2     14.112000  
MX2XL              slow           6.350400       7     44.452800  
MXI2X1             slow           5.644800       1      5.644800  
MXI2XL             slow           5.644800       1      5.644800  
NAND2BX1           slow           3.528000      14     49.392002  
NAND2BX2           slow           3.528000      24     84.672003  
NAND2BX4           slow           5.644800      13     73.382402  
NAND2BX8           slow           9.878400       2     19.756800  
NAND2BXL           slow           3.528000       8     28.224001  
NAND2X1            slow           2.822400       2      5.644800  
NAND2X2            slow           2.822400      39    110.073604  
NAND2X4            slow           4.939200       5     24.696000  
NAND2X8            slow           9.172800       1      9.172800  
NAND2XL            slow           2.822400       4     11.289600  
NAND3BX1           slow           4.939200       1      4.939200  
NAND3BX2           slow           4.939200       7     34.574399  
NAND3BX4           slow           7.761600      11     85.377600  
NAND3BXL           slow           4.939200       4     19.756800  
NAND3X2            slow           4.233600       2      8.467200  
NAND3XL            slow           3.528000       2      7.056000  
NAND4BBX2          slow           7.056000       2     14.112000  
NAND4BBX4          slow          11.289600       1     11.289600  
NAND4X2            slow           4.939200       1      4.939200  
NOR2BX1            slow           3.528000       4     14.112000  
NOR2BXL            slow           3.528000       1      3.528000  
NOR2X1             slow           2.822400       2      5.644800  
NOR2X2             slow           2.822400      14     39.513601  
NOR2X3             slow           4.939200       1      4.939200  
NOR2X4             slow           4.939200       2      9.878400  
NOR2XL             slow           2.822400       4     11.289600  
NOR3BX1            slow           4.233600       1      4.233600  
NOR3BXL            slow           4.233600       1      4.233600  
NOR3X1             slow           3.528000       3     10.584000  
NOR3X2             slow           4.233600       3     12.700800  
NOR3X4             slow           6.350400       1      6.350400  
NOR3XL             slow           3.528000       7     24.696001  
NOR4BX1            slow           5.644800       2     11.289600  
NOR4BX2            slow           5.644800       2     11.289600  
NOR4BXL            slow           5.644800       2     11.289600  
NOR4X1             slow           4.233600       4     16.934401  
NOR4X6             slow          11.289600       1     11.289600  
OA21X2             slow           5.644800       2     11.289600  
OA21X4             slow           6.350400       1      6.350400  
OA21XL             slow           4.939200       1      4.939200  
OA22XL             slow           6.350400       2     12.700800  
OAI2BB1X1          slow           4.233600       5     21.168001  
OAI2BB1X2          slow           4.939200       5     24.696000  
OAI2BB1X4          slow           6.350400       5     31.752000  
OAI2BB1XL          slow           4.233600       4     16.934401  
OAI2BB2X1          slow           5.644800       1      5.644800  
OAI2BB2X2          slow           5.644800      65    366.912012  
OAI2BB2XL          slow           5.644800       1      5.644800  
OAI21BXL           slow           4.939200       1      4.939200  
OAI21X1            slow           3.528000       1      3.528000  
OAI21X2            slow           4.233600       3     12.700800  
OAI21XL            slow           3.528000       1      3.528000  
OAI22X1            slow           4.233600       2      8.467200  
OAI31X2            slow           4.939200       1      4.939200  
OAI31X4            slow           8.467200       2     16.934401  
OAI31XL            slow           4.233600       1      4.233600  
OAI32X1            slow           5.644800       1      5.644800  
OAI32XL            slow           4.939200       1      4.939200  
OAI211X1           slow           4.939200       5     24.696000  
OAI211X4           slow           8.467200       1      8.467200  
OAI211XL           slow           4.233600       1      4.233600  
OAI221X2           slow           6.350400       1      6.350400  
OAI222X2           slow           7.761600       1      7.761600  
OAI222XL           slow           7.056000       5     35.280001  
OR2X1              slow           3.528000       2      7.056000  
OR2X2              slow           3.528000       8     28.224001  
OR2X4              slow           6.350400       4     25.401600  
OR2X6              slow           7.056000       1      7.056000  
OR2XL              slow           3.528000       3     10.584000  
OR3X1              slow           4.233600       1      4.233600  
OR3X2              slow           4.233600       1      4.233600  
OR3X4              slow           7.056000       1      7.056000  
OR4X2              slow           5.644800       3     16.934401  
OR4X4              slow           9.172800       2     18.345600  
XNOR2X1            slow           5.644800       5     28.224001  
XNOR2X4            slow          11.289600       3     33.868801  
XNOR2XL            slow           5.644800       4     22.579201  
XOR2X1             slow           5.644800       2     11.289600  
XOR2XL             slow           5.644800       1      5.644800  
-----------------------------------------------------------------------------
Total 132 references                                 4659.076887
1
