 
****************************************
Report : timing
        -path full
        -delay max
        -max_paths 1
Design : b12
Version: R-2020.09-SP5
Date   : Mon Jul  4 11:09:17 2022
****************************************

Operating Conditions: slow   Library: slow
Wire Load Model Mode: top

  Startpoint: max_reg_1_ (rising edge-triggered flip-flop clocked by clock)
  Endpoint: count_reg2_5_
            (rising edge-triggered flip-flop clocked by clock)
  Path Group: clock
  Path Type: max

  Point                                    Incr       Path
  -----------------------------------------------------------
  clock clock (rise edge)                  0.00       0.00
  clock network delay (ideal)              0.00       0.00
  max_reg_1_/CK (DFFRHQX4)                 0.00       0.00 r
  max_reg_1_/Q (DFFRHQX4)                  0.14       0.14 r
  U531/Y (INVX4)                           0.03       0.17 f
  U750/Y (XNOR2X4)                         0.07       0.24 f
  U403/Y (NAND2X4)                         0.04       0.28 r
  U393/Y (CLKINVX3)                        0.03       0.31 f
  U523/Y (NAND2X2)                         0.03       0.34 r
  U427/Y (NAND2BX4)                        0.07       0.40 r
  U576/Y (INVX4)                           0.03       0.43 f
  U476/Y (NOR2BX1)                         0.11       0.54 f
  U491/Y (NOR4X6)                          0.14       0.68 r
  U571/Y (NAND2X4)                         0.06       0.74 f
  U507/Y (OR2X2)                           0.11       0.86 f
  U546/Y (NAND2X4)                         0.04       0.89 r
  U506/Y (CLKINVX4)                        0.02       0.92 f
  U538/Y (NAND2X2)                         0.02       0.94 r
  count_reg2_5_/D (DFFRHQX2)               0.00       0.94 r
  data arrival time                                   0.94

  clock clock (rise edge)                  1.03       1.03
  clock network delay (ideal)              0.00       1.03
  count_reg2_5_/CK (DFFRHQX2)              0.00       1.03 r
  library setup time                      -0.09       0.94
  data required time                                  0.94
  -----------------------------------------------------------
  data required time                                  0.94
  data arrival time                                  -0.94
  -----------------------------------------------------------
  slack (MET)                                         0.00


1
