 
****************************************
Report : reference
Design : b12
Version: R-2020.09-SP5
Date   : Mon Jul  4 11:12:06 2022
****************************************

Attributes:
    b - black box (unknown)
   bo - allows boundary optimization
    d - dont_touch
   mo - map_only
    h - hierarchical
    n - noncombinational
    r - removable
    s - synthetic operator
    u - contains unmapped logic

Reference          Library       Unit Area   Count    Total Area   Attributes
-----------------------------------------------------------------------------
AND2X2             slow           3.528000       7     24.696001  
AND3X2             slow           4.233600       6     25.401601  
AND4X2             slow           5.644800       1      5.644800  
AO21X2             slow           4.939200       1      4.939200  
AO22X2             slow           5.644800       1      5.644800  
AOI2BB1X2          slow           4.233600       3     12.700800  
AOI2BB2X2          slow           5.644800       2     11.289600  
AOI21BX2           slow           5.644800       1      5.644800  
AOI21X1            slow           3.528000      16     56.448002  
AOI22XL            slow           4.233600      10     42.336001  
AOI31X1            slow           4.233600       8     33.868801  
AOI32XL            slow           4.939200      13     64.209599  
AOI211X2           slow           4.233600       4     16.934401  
AOI221XL           slow           5.644800      16     90.316803  
AOI222XL           slow           6.350400       1      6.350400  
BUFX2              slow           2.822400      11     31.046401  
INVX2              slow           2.116800     124    262.483209  
NAND2BX2           slow           3.528000       1      3.528000  
NAND2X2            slow           2.822400      66    186.278406  
NAND3XL            slow           3.528000       5     17.640001  
NAND4BX2           slow           5.644800       1      5.644800  
NAND4X2            slow           4.939200       3     14.817600  
NOR2BX1            slow           3.528000       6     21.168001  
NOR2X2             slow           2.822400      28     79.027203  
NOR3BX1            slow           4.233600       2      8.467200  
NOR3X1             slow           3.528000      11     38.808001  
NOR4X2             slow           4.233600       8     33.868801  
OA21X1             slow           4.939200       4     19.756800  
OAI2B1X1           slow           4.939200       1      4.939200  
OAI2B2X1           slow           5.644800       5     28.224001  
OAI2BB1X1          slow           4.233600       3     12.700800  
OAI2BB2X2          slow           5.644800      32    180.633606  
OAI21X1            slow           3.528000      23     81.144003  
OAI22X1            slow           4.233600      55    232.848008  
OAI31X1            slow           4.233600       4     16.934401  
OAI32XL            slow           4.939200       9     44.452799  
OAI33X2            slow           6.350400       1      6.350400  
OAI211XL           slow           4.233600       5     21.168001  
OAI221X2           slow           6.350400      10     63.504000  
OAI222X1           slow           7.056000       5     35.280001  
OR2X2              slow           3.528000       1      3.528000  
OR3X2              slow           4.233600       3     12.700800  
SDFFRQX2           slow          19.756800     111   2193.004766  n
SDFFRQXL           slow          19.756800       6    118.540798  n
SDFFRXL            slow          20.462400       4     81.849602  n
XNOR2X1            slow           5.644800       6     33.868801  
XOR2X1             slow           5.644800       1      5.644800  
-----------------------------------------------------------------------------
Total 47 references                                  4306.276819
1
