
                           Design Compiler Graphical 
                                 DC Ultra (TM)
                                  DFTMAX (TM)
                              Power Compiler (TM)
                                 DesignWare (R)
                                 DC Expert (TM)
                               Design Vision (TM)
                               HDL Compiler (TM)
                               VHDL Compiler (TM)
                                  DFT Compiler
                               Design Compiler(R)

               Version R-2020.09-SP5 for linux64 - Apr 23, 2021 

                    Copyright (c) 1988 - 2021 Synopsys, Inc.
   This software and the associated documentation are proprietary to Synopsys,
 Inc. This software may only be used in accordance with the terms and conditions
 of a written license agreement with Synopsys, Inc. All other use, reproduction,
   or distribution of this software is strictly prohibited.  Licensed Products
     communicate with Synopsys servers for the purpose of providing software
    updates, detecting software piracy and verifying that customers are using
    Licensed Products in conformity with the applicable License Key for such
  Licensed Products. Synopsys will use information gathered in connection with
    this process to deliver software updates and pursue software pirates and
                                   infringers.

 Inclusivity & Diversity - Visit SolvNetPlus to read the "Synopsys Statement on
            Inclusivity and Diversity" (Refer to article 000036315 at
                        https://solvnetplus.synopsys.com)
Initializing...
Initializing gui preferences from file  /home/m108/m108061621/.synopsys_dc_gui/preferences.tcl
set DESIGN "b12"
b12
set PERIOD 1.03
1.03
read_file -format vhdl ../mul/b12.vhd
Loading db file '/home/m108/m108061621/Desktop/TSMC_process/T90/db/slow.db'
Loading db file '/home/m108/m108061621/Desktop/TSMC_process/T90/db/fast.db'
Loading db file '/home/m108/m108061621/Desktop/TSMC_process/T90/db/typical.db'
Loading db file '/usr/cad/synopsys/synthesis/cur/libraries/syn/gtech.db'
Loading db file '/usr/cad/synopsys/synthesis/cur/libraries/syn/standard.sldb'
  Loading link library 'slow'
  Loading link library 'fast'
  Loading link library 'typical'
  Loading link library 'gtech'
Loading vhdl file '/home/m108/m108061621/Desktop/Research/BISG_tzu/gs_b12_chain11/mul/b12.vhd'
Running PRESTO HDLC
Compiling Entity Declaration B12
Compiling Architecture BEHAV of B12

Statistics for case statements in always block at line 61 in file
	'/home/m108/m108061621/Desktop/Research/BISG_tzu/gs_b12_chain11/mul/b12.vhd'
===============================================
|           Line           |  full/ parallel  |
===============================================
|            77            |    auto/auto     |
===============================================

Statistics for case statements in always block at line 188 in file
	'/home/m108/m108061621/Desktop/Research/BISG_tzu/gs_b12_chain11/mul/b12.vhd'
===============================================
|           Line           |  full/ parallel  |
===============================================
|           249            |    auto/auto     |
===============================================

Inferred memory devices in process
	in routine b12 line 61 in file
		'/home/m108/m108061621/Desktop/Research/BISG_tzu/gs_b12_chain11/mul/b12.vhd'.
===============================================================================
|    Register Name    |   Type    | Width | Bus | MB | AR | AS | SR | SS | ST |
===============================================================================
|     counter_reg     | Flip-flop |   3   |  Y  | N  | Y  | N  | N  | N  | N  |
|        s_reg        | Flip-flop |   1   |  N  | N  | Y  | N  | N  | N  | N  |
|     speaker_reg     | Flip-flop |   1   |  N  | N  | Y  | N  | N  | N  | N  |
===============================================================================

Inferred memory devices in process
	in routine b12 line 148 in file
		'/home/m108/m108061621/Desktop/Research/BISG_tzu/gs_b12_chain11/mul/b12.vhd'.
===============================================================================
|    Register Name    |   Type    | Width | Bus | MB | AR | AS | SR | SS | ST |
===============================================================================
|       num_reg       | Flip-flop |   2   |  Y  | N  | Y  | N  | N  | N  | N  |
|      count_reg      | Flip-flop |   2   |  Y  | N  | Y  | N  | N  | N  | N  |
===============================================================================

Inferred memory devices in process
	in routine b12 line 168 in file
		'/home/m108/m108061621/Desktop/Research/BISG_tzu/gs_b12_chain11/mul/b12.vhd'.
===============================================================================
|    Register Name    |   Type    | Width | Bus | MB | AR | AS | SR | SS | ST |
===============================================================================
|    data_out_reg     | Flip-flop |   2   |  Y  | N  | Y  | N  | N  | N  | N  |
|     memory_reg      | Flip-flop |  64   |  Y  | N  | Y  | N  | N  | N  | N  |
===============================================================================

Inferred memory devices in process
	in routine b12 line 188 in file
		'/home/m108/m108061621/Desktop/Research/BISG_tzu/gs_b12_chain11/mul/b12.vhd'.
===============================================================================
|    Register Name    |   Type    | Width | Bus | MB | AR | AS | SR | SS | ST |
===============================================================================
|      nloss_reg      | Flip-flop |   1   |  N  | N  | Y  | N  | N  | N  | N  |
|       nl_reg        | Flip-flop |   4   |  Y  | N  | Y  | N  | N  | N  | N  |
|      play_reg       | Flip-flop |   1   |  N  | N  | Y  | N  | N  | N  | N  |
|       wr_reg        | Flip-flop |   1   |  N  | N  | Y  | N  | N  | N  | N  |
|      scan_reg       | Flip-flop |   5   |  Y  | N  | Y  | N  | N  | N  | N  |
|       max_reg       | Flip-flop |   5   |  Y  | N  | Y  | N  | N  | N  | N  |
|       ind_reg       | Flip-flop |   2   |  Y  | N  | Y  | N  | N  | N  | N  |
|    timebase_reg     | Flip-flop |   6   |  Y  | N  | Y  | N  | N  | N  | N  |
|     count_reg2      | Flip-flop |   6   |  Y  | N  | Y  | N  | N  | N  | N  |
|      sound_reg      | Flip-flop |   3   |  Y  | N  | Y  | N  | N  | N  | N  |
|     address_reg     | Flip-flop |   5   |  Y  | N  | Y  | N  | N  | N  | N  |
|     data_in_reg     | Flip-flop |   2   |  Y  | N  | Y  | N  | N  | N  | N  |
|      gamma_reg      | Flip-flop |   5   |  Y  | N  | Y  | N  | N  | N  | N  |
===============================================================================
Statistics for MUX_OPs
======================================================
| block name/line  | Inputs | Outputs | # sel inputs |
======================================================
|     b12/180      |   32   |    2    |      5       |
======================================================
Presto compilation completed successfully.
Current design is now '/home/m108/m108061621/Desktop/Research/BISG_tzu/gs_b12_chain11/mul/b12.db:b12'
Loaded 1 design.
Current design is 'b12'.
b12
current_design [get_designs $DESIGN]
Current design is 'b12'.
{b12}
set_operating_conditions -min fast -max slow
Using operating conditions 'slow' found in library 'slow'.
Using operating conditions 'fast' found in library 'fast'.
1
#/*--------------------------------------------------------------*/
#/*--------------- 2. Set design constraints --------------------*/ 
#/*--------------------------------------------------------------*/
#set_dont_touch_network [get_ports *input ports name*]
#set_dont_touch {"*instance name*"}
#set_dont_touch {"s*/n*"}
create_clock -period $PERIOD [get_ports clock]
1
set_driving_cell -lib_cell AND2X2 -library slow -pin {Y} [get_ports clock]
Warning: Design rule attributes from the driving cell will be
	set on the port. (UID-401)
1
set_driving_cell -lib_cell INVX2 -library slow -pin {Y} [get_ports reset]
Warning: Design rule attributes from the driving cell will be
	set on the port. (UID-401)
1
set_drive 1 [get_ports start]
1
set_drive 1 [get_ports k]
1
set_load 0.05 [all_outputs]
1
# set_load [load_of slow/CLKBUFX20/A] [all_outputs]
link

  Linking design 'b12'
  Using the following designs and libraries:
  --------------------------------------------------------------------------
  slow (library)              /home/m108/m108061621/Desktop/TSMC_process/T90/db/slow.db
  fast (library)              /home/m108/m108061621/Desktop/TSMC_process/T90/db/fast.db
  typical (library)           /home/m108/m108061621/Desktop/TSMC_process/T90/db/typical.db

1
check_design
 
****************************************
check_design summary:
Version:     R-2020.09-SP5
Date:        Mon Jul  4 11:09:02 2022
****************************************

                   Name                                            Total
--------------------------------------------------------------------------------
Cells                                                              23
    Cells do not drive (LINT-1)                                    23
--------------------------------------------------------------------------------

Warning: In design 'b12', cell 'C2101' does not drive any nets. (LINT-1)
Warning: In design 'b12', cell 'C2106' does not drive any nets. (LINT-1)
Warning: In design 'b12', cell 'C2111' does not drive any nets. (LINT-1)
Warning: In design 'b12', cell 'C2116' does not drive any nets. (LINT-1)
Warning: In design 'b12', cell 'C2121' does not drive any nets. (LINT-1)
Warning: In design 'b12', cell 'C2126' does not drive any nets. (LINT-1)
Warning: In design 'b12', cell 'C2683' does not drive any nets. (LINT-1)
Warning: In design 'b12', cell 'C2690' does not drive any nets. (LINT-1)
Warning: In design 'b12', cell 'C2691' does not drive any nets. (LINT-1)
Warning: In design 'b12', cell 'C2695' does not drive any nets. (LINT-1)
Warning: In design 'b12', cell 'C2711' does not drive any nets. (LINT-1)
Warning: In design 'b12', cell 'C2718' does not drive any nets. (LINT-1)
Warning: In design 'b12', cell 'C2721' does not drive any nets. (LINT-1)
Warning: In design 'b12', cell 'C2722' does not drive any nets. (LINT-1)
Warning: In design 'b12', cell 'C2726' does not drive any nets. (LINT-1)
Warning: In design 'b12', cell 'C2730' does not drive any nets. (LINT-1)
Warning: In design 'b12', cell 'C2734' does not drive any nets. (LINT-1)
Warning: In design 'b12', cell 'C2741' does not drive any nets. (LINT-1)
Warning: In design 'b12', cell 'C2742' does not drive any nets. (LINT-1)
Warning: In design 'b12', cell 'C2746' does not drive any nets. (LINT-1)
Warning: In design 'b12', cell 'C2750' does not drive any nets. (LINT-1)
Warning: In design 'b12', cell 'C2754' does not drive any nets. (LINT-1)
Warning: In design 'b12', cell 'C2758' does not drive any nets. (LINT-1)
1
uniquify
1
set_fix_multiple_port_nets -all -buffer_constants
1
#set compile_new_boolean_structure
#set_structure false
compile -map_effort high
Information: Evaluating DesignWare library utilization. (UISN-27)

============================================================================
| DesignWare Building Block Library  |         Version         | Available |
============================================================================
| Basic DW Building Blocks           | R-2020.09-DWBB_202009.5 |     *     |
| Licensed DW Building Blocks        |                         |           |
============================================================================


Information: There are 23 potential problems in your design. Please run 'check_design' for more information. (LINT-99)



  Beginning Pass 1 Mapping
  ------------------------
  Processing 'b12'

  Updating timing information
Information: Updating design information... (UID-85)

  Beginning Implementation Selection
  ----------------------------------
  Processing 'b12_DW01_dec_0'
  Processing 'b12_DW01_inc_0_DW01_inc_2'
  Processing 'b12_DW01_inc_1_DW01_inc_3'
  Processing 'b12_DW01_cmp6_0'
  Processing 'b12_DW01_dec_1'

  Beginning Mapping Optimizations  (High effort)
  -------------------------------
  Mapping Optimization (Phase 1)
  Mapping Optimization (Phase 2)

                                  TOTAL                                      
   ELAPSED            WORST NEG   SETUP    DESIGN                            
    TIME      AREA      SLACK     COST    RULE COST         ENDPOINT         
  --------- --------- --------- --------- --------- -------------------------
    0:00:07    7456.1      0.07       1.7       0.0                          
    0:00:07    7449.7      0.07       1.7       0.0                          
    0:00:07    7449.7      0.07       1.7       0.0                          
    0:00:07    7442.0      0.07       1.6       0.0                          
    0:00:08    7442.0      0.07       1.6       0.0                          
    0:00:08    4635.8      0.30       6.6       0.0                          
    0:00:08    4624.5      0.36       8.7       0.0                          
    0:00:08    4604.7      0.31       7.6       0.0                          
    0:00:08    4616.7      0.22       5.1       0.0                          
    0:00:09    4625.2      0.25       4.7       0.0                          
    0:00:09    4616.7      0.28       5.4       0.0                          
    0:00:09    4649.2      0.26       5.4       0.0                          
    0:00:09    4623.8      0.27       5.1       0.0                          
    0:00:09    4627.3      0.23       4.9       0.0                          
    0:00:09    4627.3      0.22       5.2       0.0                          
    0:00:09    4616.7      0.24       5.1       0.0                          
    0:00:09    4628.7      0.17       4.0       0.0                          
    0:00:09    4637.2      0.14       3.7       0.0                          
    0:00:09    4662.6      0.13       2.9       0.0                          
    0:00:09    4676.0      0.12       2.8       0.0                          
    0:00:09    4681.0      0.11       2.5       0.0                          
    0:00:09    4708.5      0.12       2.1       0.0                          
    0:00:09    4742.3      0.11       1.9       0.0                          
    0:00:10    4736.0      0.14       2.3       0.0                          
    0:00:10    4736.0      0.14       2.3       0.0                          
    0:00:10    4736.0      0.14       2.3       0.0                          
    0:00:10    4736.0      0.14       2.3       0.0                          
    0:00:10    4736.0      0.14       2.3       0.0                          
    0:00:10    4736.0      0.14       2.3       0.0                          
    0:00:10    4757.9      0.07       1.5       0.0 count_reg2[5]/D          
    0:00:10    4760.7      0.06       1.0       0.0 count_reg2[0]/D          
    0:00:10    4776.2      0.05       0.7       0.0 play_reg/D               
    0:00:10    4837.6      0.03       0.4       8.8 play_reg/D               
    0:00:10    4837.6      0.03       0.4       8.8                          



  Beginning Delay Optimization Phase
  ----------------------------------

                                  TOTAL                                      
   ELAPSED            WORST NEG   SETUP    DESIGN                            
    TIME      AREA      SLACK     COST    RULE COST         ENDPOINT         
  --------- --------- --------- --------- --------- -------------------------
    0:00:10    4837.6      0.03       0.4       8.8                          
    0:00:10    4826.3      0.03       0.4       8.8 count_reg2[5]/D          
    0:00:10    4822.8      0.02       0.2       8.8 count_reg2[5]/D          
    0:00:11    4827.7      0.02       0.2       8.8 count_reg2[4]/D          
    0:00:11    4841.8      0.01       0.1       8.8 count_reg2[5]/D          
    0:00:11    4854.5      0.01       0.1       8.8 count_reg2[5]/D          
    0:00:11    4843.2      0.01       0.0       8.8 timebase_reg[5]/D        
    0:00:11    4839.7      0.00       0.0       8.8 count_reg2[5]/D          
    0:00:11    4840.4      0.00       0.0       8.8 timebase_reg[5]/D        
    0:00:11    4844.6      0.00       0.0       8.8 count_reg2[5]/D          
    0:00:11    4836.2      0.00       0.0       8.8                          
    0:00:11    4835.5      0.00       0.0       8.8                          


  Beginning Design Rule Fixing  (max_capacitance)
  ----------------------------

                                  TOTAL                                      
   ELAPSED            WORST NEG   SETUP    DESIGN                            
    TIME      AREA      SLACK     COST    RULE COST         ENDPOINT         
  --------- --------- --------- --------- --------- -------------------------
    0:00:11    4835.5      0.00       0.0       8.8                          
    0:00:11    4820.0      0.00       0.0       0.0                          


  Beginning Area-Recovery Phase  (cleanup)
  -----------------------------

                                  TOTAL                                      
   ELAPSED            WORST NEG   SETUP    DESIGN                            
    TIME      AREA      SLACK     COST    RULE COST         ENDPOINT         
  --------- --------- --------- --------- --------- -------------------------
    0:00:11    4820.0      0.00       0.0       0.0                          
    0:00:11    4820.0      0.00       0.0       0.0                          
    0:00:12    4769.2      0.00       0.0       0.0                          
    0:00:12    4745.9      0.00       0.0       0.0                          
    0:00:12    4734.6      0.01       0.0       0.0                          
    0:00:12    4730.3      0.01       0.0       0.0                          
    0:00:12    4730.3      0.01       0.0       0.0                          
    0:00:12    4730.3      0.01       0.0       0.0                          
    0:00:12    4732.5      0.00       0.0       0.0                          
    0:00:12    4642.8      0.08       0.8       0.0                          
    0:00:12    4618.9      0.08       0.9       0.0                          
    0:00:12    4618.9      0.08       0.9       0.0                          
    0:00:12    4618.9      0.08       0.9       0.0                          
    0:00:12    4618.9      0.08       0.9       0.0                          
    0:00:12    4618.9      0.08       0.9       0.0                          
    0:00:12    4618.9      0.08       0.9       0.0                          
    0:00:12    4645.7      0.00       0.0       0.0 count_reg2[5]/D          
    0:00:12    4659.1      0.00       0.0       0.0                          
Loading db file '/home/m108/m108061621/Desktop/TSMC_process/T90/db/slow.db'
Loading db file '/home/m108/m108061621/Desktop/TSMC_process/T90/db/fast.db'
Loading db file '/home/m108/m108061621/Desktop/TSMC_process/T90/db/typical.db'


Note: Symbol # after min delay cost means estimated hold TNS across all active scenarios 


  Optimization Complete
  ---------------------
1
set bus_inference_style {%s[%d]}
%s[%d]
set bus_naming_stule {%s[%d]}
%s[%d]
set hdlout_internal_busses true
true
change_names -hierarchy -rule verilog
1
define_name_rules name_rule -allowed {a-z A-Z 0-9 _} -max_length 255 -type cell
1
define_name_rules name_rule -allowed {a-z A-Z 0-9 _} -max_length 255 -type net
1
define_name_rules name_rule -map {{"\*cell\*", "cell"}}
1
define_name_rules name_rule -map {{"\*-return\*", "myreturn"}}
1
define_name_rules name_rule -case_insensitive
1
change_names -hierarchy -rules name_rule
1
set verilogout_show_unconnected_pins true
true
report_area -hierarchy > ./rpt/$DESIGN\_$PERIOD\_syn_area.rpt
report_power > ./rpt/$DESIGN\_$PERIOD\_syn_power.rpt
report_reference -hierarchy > ./rpt/$DESIGN\_$PERIOD\_syn_reference.rpt
report_timing -path full -delay max > ./rpt/$DESIGN\_$PERIOD\_syn_timing.rpt
write -format verilog -hierarchy -output ../netlist/$DESIGN\_$PERIOD\_syn.v
Writing verilog file '/home/m108/m108061621/Desktop/Research/BISG_tzu/gs_b12_chain11/netlist/b12_1.03_syn.v'.
1
write_sdf -version 1.0 -context verilog -load_delay cell ../netlist/$DESIGN\_$PERIOD\_syn.sdf
Information: Writing timing information to file '/home/m108/m108061621/Desktop/Research/BISG_tzu/gs_b12_chain11/netlist/b12_1.03_syn.sdf'. (WT-3)
1
write_sdc ../netlist/$DESIGN\_$PERIOD\_syn.sdc
1
exit

Memory usage for this session 244 Mbytes.
Memory usage for this session including child processes 244 Mbytes.
CPU usage for this session 21 seconds ( 0.01 hours ).
Elapsed time for this session 25 seconds ( 0.01 hours ).

Thank you...
