
                           Design Compiler Graphical 
                                 DC Ultra (TM)
                                  DFTMAX (TM)
                              Power Compiler (TM)
                                 DesignWare (R)
                                 DC Expert (TM)
                               Design Vision (TM)
                               HDL Compiler (TM)
                               VHDL Compiler (TM)
                                  DFT Compiler
                               Design Compiler(R)

               Version R-2020.09-SP5 for linux64 - Apr 23, 2021 

                    Copyright (c) 1988 - 2021 Synopsys, Inc.
   This software and the associated documentation are proprietary to Synopsys,
 Inc. This software may only be used in accordance with the terms and conditions
 of a written license agreement with Synopsys, Inc. All other use, reproduction,
   or distribution of this software is strictly prohibited.  Licensed Products
     communicate with Synopsys servers for the purpose of providing software
    updates, detecting software piracy and verifying that customers are using
    Licensed Products in conformity with the applicable License Key for such
  Licensed Products. Synopsys will use information gathered in connection with
    this process to deliver software updates and pursue software pirates and
                                   infringers.

 Inclusivity & Diversity - Visit SolvNetPlus to read the "Synopsys Statement on
            Inclusivity and Diversity" (Refer to article 000036315 at
                        https://solvnetplus.synopsys.com)
Initializing...
set DESIGN "base"
base
read_file -format verilog ../mul/base.v
Loading db file '/home/m108/m108061621/Desktop/TSMC_process/T90/db/slow.db'
Loading db file '/home/m108/m108061621/Desktop/TSMC_process/T90/db/fast.db'
Loading db file '/home/m108/m108061621/Desktop/TSMC_process/T90/db/typical.db'
Loading db file '/usr/cad/synopsys/synthesis/cur/libraries/syn/gtech.db'
Loading db file '/usr/cad/synopsys/synthesis/cur/libraries/syn/standard.sldb'
  Loading link library 'slow'
  Loading link library 'fast'
  Loading link library 'typical'
  Loading link library 'gtech'
Loading verilog file '/home/m108/m108061621/Desktop/Research/BISG_my/b12_my_SelfConv/mul/base.v'
Detecting input file type automatically (-rtl or -netlist).
Reading with Presto HDL Compiler (equivalent to -rtl option).
Running PRESTO HDLC
Compiling source file /home/m108/m108061621/Desktop/Research/BISG_my/b12_my_SelfConv/mul/base.v
Presto compilation completed successfully.
Current design is now '/home/m108/m108061621/Desktop/Research/BISG_my/b12_my_SelfConv/mul/base.db:base'
Loaded 1 design.
Current design is 'base'.
base
current_design [get_designs $DESIGN]
Current design is 'base'.
{base}
set_operating_conditions -min fast -max slow
Using operating conditions 'slow' found in library 'slow'.
Using operating conditions 'fast' found in library 'fast'.
1
#set_dont_touch_network [get_ports *input ports name*]
#set_dont_touch {"*instance name*"}
#set_dont_touch {"s*/n*"}
#create_clock -period 1 [get_ports base_clk]
link

  Linking design 'base'
  Using the following designs and libraries:
  --------------------------------------------------------------------------
  slow (library)              /home/m108/m108061621/Desktop/TSMC_process/T90/db/slow.db
  fast (library)              /home/m108/m108061621/Desktop/TSMC_process/T90/db/fast.db
  typical (library)           /home/m108/m108061621/Desktop/TSMC_process/T90/db/typical.db

1
check_design
 
****************************************
check_design summary:
Version:     R-2020.09-SP5
Date:        Fri Aug  5 19:26:45 2022
****************************************

                   Name                                            Total
--------------------------------------------------------------------------------
Inputs/Outputs                                                      2
    Unconnected ports (LINT-28)                                     2
--------------------------------------------------------------------------------

Warning: In design 'base', port 'speed[9]' is not connected to any nets. (LINT-28)
Warning: In design 'base', port 'speed[8]' is not connected to any nets. (LINT-28)
1
uniquify
1
set_fix_multiple_port_nets -all -buffer_constants
1
#set compile_new_boolean_structure
#set_structure false
compile -map_effort medium
Information: Evaluating DesignWare library utilization. (UISN-27)

============================================================================
| DesignWare Building Block Library  |         Version         | Available |
============================================================================
| Basic DW Building Blocks           | R-2020.09-DWBB_202009.5 |     *     |
| Licensed DW Building Blocks        |                         |           |
============================================================================


Information: There are 2 potential problems in your design. Please run 'check_design' for more information. (LINT-99)



  Beginning Pass 1 Mapping
  ------------------------
  Processing 'base'

  Updating timing information
Information: Updating design information... (UID-85)
Information: Design 'base' has no optimization constraints set. (OPT-108)

  Beginning Mapping Optimizations  (Medium effort)
  -------------------------------
  Structuring 'base'
  Mapping 'base'

                                  TOTAL                                      
   ELAPSED            WORST NEG   SETUP    DESIGN                            
    TIME      AREA      SLACK     COST    RULE COST         ENDPOINT         
  --------- --------- --------- --------- --------- -------------------------
    0:00:05     778.3      0.00       0.0       0.0                          
    0:00:05     778.3      0.00       0.0       0.0                          
    0:00:05     778.3      0.00       0.0       0.0                          
    0:00:05     778.3      0.00       0.0       0.0                          
    0:00:05     778.3      0.00       0.0       0.0                          
    0:00:05     778.3      0.00       0.0       0.0                          
    0:00:05     778.3      0.00       0.0       0.0                          
    0:00:05     778.3      0.00       0.0       0.0                          
    0:00:05     778.3      0.00       0.0       0.0                          
    0:00:05     778.3      0.00       0.0       0.0                          
    0:00:05     778.3      0.00       0.0       0.0                          
    0:00:05     778.3      0.00       0.0       0.0                          



  Beginning Delay Optimization Phase
  ----------------------------------

                                  TOTAL                                      
   ELAPSED            WORST NEG   SETUP    DESIGN                            
    TIME      AREA      SLACK     COST    RULE COST         ENDPOINT         
  --------- --------- --------- --------- --------- -------------------------
    0:00:05     778.3      0.00       0.0       0.0                          
    0:00:05     778.3      0.00       0.0       0.0                          
    0:00:05     778.3      0.00       0.0       0.0                          


  Beginning Area-Recovery Phase  (cleanup)
  -----------------------------

                                  TOTAL                                      
   ELAPSED            WORST NEG   SETUP    DESIGN                            
    TIME      AREA      SLACK     COST    RULE COST         ENDPOINT         
  --------- --------- --------- --------- --------- -------------------------
    0:00:05     778.3      0.00       0.0       0.0                          
    0:00:05     778.3      0.00       0.0       0.0                          
    0:00:05     778.3      0.00       0.0       0.0                          
    0:00:05     778.3      0.00       0.0       0.0                          
    0:00:05     778.3      0.00       0.0       0.0                          
    0:00:05     778.3      0.00       0.0       0.0                          
    0:00:05     778.3      0.00       0.0       0.0                          
    0:00:05     778.3      0.00       0.0       0.0                          
    0:00:05     778.3      0.00       0.0       0.0                          
    0:00:05     778.3      0.00       0.0       0.0                          
    0:00:05     778.3      0.00       0.0       0.0                          
Loading db file '/home/m108/m108061621/Desktop/TSMC_process/T90/db/slow.db'
Loading db file '/home/m108/m108061621/Desktop/TSMC_process/T90/db/fast.db'
Loading db file '/home/m108/m108061621/Desktop/TSMC_process/T90/db/typical.db'


Note: Symbol # after min delay cost means estimated hold TNS across all active scenarios 


  Optimization Complete
  ---------------------
1
set bus_inference_style {%s[%d]}
%s[%d]
set bus_naming_stule {%s[%d]}
%s[%d]
set hdlout_internal_busses true
true
change_names -hierarchy -rule verilog
1
define_name_rules name_rule -allowed {a-z A-Z 0-9 _} -max_length 255 -type cell
1
define_name_rules name_rule -allowed {a-z A-Z 0-9 _} -max_length 255 -type net
1
define_name_rules name_rule -map {{"\*cell\*", "cell"}}
1
define_name_rules name_rule -map {{"\*-return\*", "myreturn"}}
1
define_name_rules name_rule -case_insensitive
1
change_names -hierarchy -rules name_rule
1
set verilogout_show_unconnected_pins true
true
report_area -hierarchy > ./rpt/$DESIGN\_syn_area.arp
report_power > ./rpt/$DESIGN\_syn_power.prp
report_reference > ./rpt/$DESIGN\_syn_reference
report_timing -path full -delay max > ./rpt/$DESIGN\_syn_timing.trp
write -format verilog -hierarchy -output ../netlist/$DESIGN\_syn.v
Writing verilog file '/home/m108/m108061621/Desktop/Research/BISG_my/b12_my_SelfConv/netlist/base_syn.v'.
1
write_sdf -version 1.0 -context verilog -load_delay cell ../netlist/$DESIGN\_syn.sdf
Information: Writing timing information to file '/home/m108/m108061621/Desktop/Research/BISG_my/b12_my_SelfConv/netlist/base_syn.sdf'. (WT-3)
1
write_sdc ../netlist/$DESIGN\_syn.sdc
1
exit

Memory usage for this session 244 Mbytes.
Memory usage for this session including child processes 244 Mbytes.
CPU usage for this session 19 seconds ( 0.01 hours ).
Elapsed time for this session 363 seconds ( 0.10 hours ).

Thank you...
